\BOOKMARK [0][-]{chapter.1}{Dynamika deterministyczna}{}% 1
\BOOKMARK [1][-]{section.1.1}{Opis i modelowanie zjawisk oraz proces\363w przy pomocy r\363wnan r\363zniczkowych}{chapter.1}% 2
\BOOKMARK [1][-]{section.1.2}{Modelowanie z czasem dyskretnym}{chapter.1}% 3
\BOOKMARK [1][-]{section.1.3}{Istnienie i jednoznacznosc rozwiazan}{chapter.1}% 4
\BOOKMARK [1][-]{section.1.4}{Uk\233ady dynamiczne z czasem ciag\233ym}{chapter.1}% 5
\BOOKMARK [1][-]{section.1.5}{Dynamiczne uk\233ady zachowawcze i dysypatywne}{chapter.1}% 6
\BOOKMARK [1][-]{section.1.6}{Stany stacjonarne i ich stabilnosc}{chapter.1}% 7
\BOOKMARK [1][-]{section.1.7}{Atraktory}{chapter.1}% 8
\BOOKMARK [1][-]{section.1.8}{Dyskretne uk\233ady dynamiczne}{chapter.1}% 9
\BOOKMARK [0][-]{chapter.2}{Chaos w uk\233adach dynamicznych}{}% 10
\BOOKMARK [1][-]{section.2.1}{Determinizm a przewidywalnosc}{chapter.2}% 11
\BOOKMARK [1][-]{section.2.2}{Model chaosu. Uk\233ad bistabilny \(oscylator Duffinga\)}{chapter.2}% 12
\BOOKMARK [1][-]{section.2.3}{Scenariusz przejscia do chaosu}{chapter.2}% 13
\BOOKMARK [0][-]{chapter.3}{Dodatek numeryczny}{}% 14
\BOOKMARK [1][-]{section.3.1}{Liczby losowe}{chapter.3}% 15
\BOOKMARK [1][-]{section.3.2}{R\363wnania r\363zniczkowe zwyczajne}{chapter.3}% 16
\BOOKMARK [1][-]{section.3.3}{Stochastyczne r\363wnania r\363zniczkowe}{chapter.3}% 17
\BOOKMARK [1][-]{section.3.4}{Przyk\233ady ca\233kowania proces\363w stochastycznych}{chapter.3}% 18
\BOOKMARK [1][-]{section.3.5}{Lapunov}{chapter.3}% 19
\BOOKMARK [1][-]{section.3.6}{Bifurkacje}{chapter.3}% 20
\BOOKMARK [1][-]{section.3.7}{ARMA}{chapter.3}% 21
