This is pdfTeX, Version 3.1415926-1.40.10 (TeX Live 2009/Debian) (format=pdflatex 2013.3.22)  23 OCT 2013 20:04
entering extended mode
 %&-line parsing enabled.
**StochDyn_v0.2.tex
(./StochDyn_v0.2.tex
LaTeX2e <2009/09/24>
Babel <v3.8l> and hyphenation patterns for english, usenglishmax, dumylang, noh
yphenation, farsi, arabic, croatian, bulgarian, ukrainian, russian, czech, slov
ak, danish, dutch, finnish, french, basque, ngerman, german, german-x-2009-06-1
9, ngerman-x-2009-06-19, ibycus, monogreek, greek, ancientgreek, hungarian, san
skrit, italian, latin, latvian, lithuanian, mongolian2a, mongolian, bokmal, nyn
orsk, romanian, irish, coptic, serbian, turkish, welsh, esperanto, uppersorbian
, estonian, indonesian, interlingua, icelandic, kurmanji, slovenian, polish, po
rtuguese, spanish, galician, catalan, swedish, ukenglish, pinyin, loaded.
(./sphinxmanual.cls
Document Class: sphinxmanual 2009/06/02 Document class (Sphinx manual)
(/usr/share/texmf-texlive/tex/latex/base/report.cls
Document Class: report 2007/10/19 v1.4h Standard LaTeX document class
(/usr/share/texmf-texlive/tex/latex/base/size12.clo
File: size12.clo 2007/10/19 v1.4h Standard LaTeX file (size option)
)
\c@part=\count79
\c@chapter=\count80
\c@section=\count81
\c@subsection=\count82
\c@subsubsection=\count83
\c@paragraph=\count84
\c@subparagraph=\count85
\c@figure=\count86
\c@table=\count87
\abovecaptionskip=\skip41
\belowcaptionskip=\skip42
\bibindent=\dimen102
))
(/usr/share/texmf-texlive/tex/latex/base/inputenc.sty
Package: inputenc 2008/03/30 v1.1d Input encoding file
\inpenc@prehook=\toks14
\inpenc@posthook=\toks15

(/usr/share/texmf-texlive/tex/latex/base/utf8.def
File: utf8.def 2008/04/05 v1.1m UTF-8 support for inputenc
Now handling font encoding OML ...
... no UTF-8 mapping file for font encoding OML
Now handling font encoding T1 ...
... processing UTF-8 mapping file for font encoding T1

(/usr/share/texmf-texlive/tex/latex/base/t1enc.dfu
File: t1enc.dfu 2008/04/05 v1.1m UTF-8 support for inputenc
   defining Unicode char U+00A1 (decimal 161)
   defining Unicode char U+00A3 (decimal 163)
   defining Unicode char U+00AB (decimal 171)
   defining Unicode char U+00BB (decimal 187)
   defining Unicode char U+00BF (decimal 191)
   defining Unicode char U+00C0 (decimal 192)
   defining Unicode char U+00C1 (decimal 193)
   defining Unicode char U+00C2 (decimal 194)
   defining Unicode char U+00C3 (decimal 195)
   defining Unicode char U+00C4 (decimal 196)
   defining Unicode char U+00C5 (decimal 197)
   defining Unicode char U+00C6 (decimal 198)
   defining Unicode char U+00C7 (decimal 199)
   defining Unicode char U+00C8 (decimal 200)
   defining Unicode char U+00C9 (decimal 201)
   defining Unicode char U+00CA (decimal 202)
   defining Unicode char U+00CB (decimal 203)
   defining Unicode char U+00CC (decimal 204)
   defining Unicode char U+00CD (decimal 205)
   defining Unicode char U+00CE (decimal 206)
   defining Unicode char U+00CF (decimal 207)
   defining Unicode char U+00D0 (decimal 208)
   defining Unicode char U+00D1 (decimal 209)
   defining Unicode char U+00D2 (decimal 210)
   defining Unicode char U+00D3 (decimal 211)
   defining Unicode char U+00D4 (decimal 212)
   defining Unicode char U+00D5 (decimal 213)
   defining Unicode char U+00D6 (decimal 214)
   defining Unicode char U+00D8 (decimal 216)
   defining Unicode char U+00D9 (decimal 217)
   defining Unicode char U+00DA (decimal 218)
   defining Unicode char U+00DB (decimal 219)
   defining Unicode char U+00DC (decimal 220)
   defining Unicode char U+00DD (decimal 221)
   defining Unicode char U+00DE (decimal 222)
   defining Unicode char U+00DF (decimal 223)
   defining Unicode char U+00E0 (decimal 224)
   defining Unicode char U+00E1 (decimal 225)
   defining Unicode char U+00E2 (decimal 226)
   defining Unicode char U+00E3 (decimal 227)
   defining Unicode char U+00E4 (decimal 228)
   defining Unicode char U+00E5 (decimal 229)
   defining Unicode char U+00E6 (decimal 230)
   defining Unicode char U+00E7 (decimal 231)
   defining Unicode char U+00E8 (decimal 232)
   defining Unicode char U+00E9 (decimal 233)
   defining Unicode char U+00EA (decimal 234)
   defining Unicode char U+00EB (decimal 235)
   defining Unicode char U+00EC (decimal 236)
   defining Unicode char U+00ED (decimal 237)
   defining Unicode char U+00EE (decimal 238)
   defining Unicode char U+00EF (decimal 239)
   defining Unicode char U+00F0 (decimal 240)
   defining Unicode char U+00F1 (decimal 241)
   defining Unicode char U+00F2 (decimal 242)
   defining Unicode char U+00F3 (decimal 243)
   defining Unicode char U+00F4 (decimal 244)
   defining Unicode char U+00F5 (decimal 245)
   defining Unicode char U+00F6 (decimal 246)
   defining Unicode char U+00F8 (decimal 248)
   defining Unicode char U+00F9 (decimal 249)
   defining Unicode char U+00FA (decimal 250)
   defining Unicode char U+00FB (decimal 251)
   defining Unicode char U+00FC (decimal 252)
   defining Unicode char U+00FD (decimal 253)
   defining Unicode char U+00FE (decimal 254)
   defining Unicode char U+00FF (decimal 255)
   defining Unicode char U+0102 (decimal 258)
   defining Unicode char U+0103 (decimal 259)
   defining Unicode char U+0104 (decimal 260)
   defining Unicode char U+0105 (decimal 261)
   defining Unicode char U+0106 (decimal 262)
   defining Unicode char U+0107 (decimal 263)
   defining Unicode char U+010C (decimal 268)
   defining Unicode char U+010D (decimal 269)
   defining Unicode char U+010E (decimal 270)
   defining Unicode char U+010F (decimal 271)
   defining Unicode char U+0110 (decimal 272)
   defining Unicode char U+0111 (decimal 273)
   defining Unicode char U+0118 (decimal 280)
   defining Unicode char U+0119 (decimal 281)
   defining Unicode char U+011A (decimal 282)
   defining Unicode char U+011B (decimal 283)
   defining Unicode char U+011E (decimal 286)
   defining Unicode char U+011F (decimal 287)
   defining Unicode char U+0130 (decimal 304)
   defining Unicode char U+0131 (decimal 305)
   defining Unicode char U+0132 (decimal 306)
   defining Unicode char U+0133 (decimal 307)
   defining Unicode char U+0139 (decimal 313)
   defining Unicode char U+013A (decimal 314)
   defining Unicode char U+013D (decimal 317)
   defining Unicode char U+013E (decimal 318)
   defining Unicode char U+0141 (decimal 321)
   defining Unicode char U+0142 (decimal 322)
   defining Unicode char U+0143 (decimal 323)
   defining Unicode char U+0144 (decimal 324)
   defining Unicode char U+0147 (decimal 327)
   defining Unicode char U+0148 (decimal 328)
   defining Unicode char U+014A (decimal 330)
   defining Unicode char U+014B (decimal 331)
   defining Unicode char U+0150 (decimal 336)
   defining Unicode char U+0151 (decimal 337)
   defining Unicode char U+0152 (decimal 338)
   defining Unicode char U+0153 (decimal 339)
   defining Unicode char U+0154 (decimal 340)
   defining Unicode char U+0155 (decimal 341)
   defining Unicode char U+0158 (decimal 344)
   defining Unicode char U+0159 (decimal 345)
   defining Unicode char U+015A (decimal 346)
   defining Unicode char U+015B (decimal 347)
   defining Unicode char U+015E (decimal 350)
   defining Unicode char U+015F (decimal 351)
   defining Unicode char U+0160 (decimal 352)
   defining Unicode char U+0161 (decimal 353)
   defining Unicode char U+0162 (decimal 354)
   defining Unicode char U+0163 (decimal 355)
   defining Unicode char U+0164 (decimal 356)
   defining Unicode char U+0165 (decimal 357)
   defining Unicode char U+016E (decimal 366)
   defining Unicode char U+016F (decimal 367)
   defining Unicode char U+0170 (decimal 368)
   defining Unicode char U+0171 (decimal 369)
   defining Unicode char U+0178 (decimal 376)
   defining Unicode char U+0179 (decimal 377)
   defining Unicode char U+017A (decimal 378)
   defining Unicode char U+017B (decimal 379)
   defining Unicode char U+017C (decimal 380)
   defining Unicode char U+017D (decimal 381)
   defining Unicode char U+017E (decimal 382)
   defining Unicode char U+200C (decimal 8204)
   defining Unicode char U+2013 (decimal 8211)
   defining Unicode char U+2014 (decimal 8212)
   defining Unicode char U+2018 (decimal 8216)
   defining Unicode char U+2019 (decimal 8217)
   defining Unicode char U+201A (decimal 8218)
   defining Unicode char U+201C (decimal 8220)
   defining Unicode char U+201D (decimal 8221)
   defining Unicode char U+201E (decimal 8222)
   defining Unicode char U+2030 (decimal 8240)
   defining Unicode char U+2031 (decimal 8241)
   defining Unicode char U+2039 (decimal 8249)
   defining Unicode char U+203A (decimal 8250)
   defining Unicode char U+2423 (decimal 9251)
)
Now handling font encoding OT1 ...
... processing UTF-8 mapping file for font encoding OT1

(/usr/share/texmf-texlive/tex/latex/base/ot1enc.dfu
File: ot1enc.dfu 2008/04/05 v1.1m UTF-8 support for inputenc
   defining Unicode char U+00A1 (decimal 161)
   defining Unicode char U+00A3 (decimal 163)
   defining Unicode char U+00B8 (decimal 184)
   defining Unicode char U+00BF (decimal 191)
   defining Unicode char U+00C5 (decimal 197)
   defining Unicode char U+00C6 (decimal 198)
   defining Unicode char U+00D8 (decimal 216)
   defining Unicode char U+00DF (decimal 223)
   defining Unicode char U+00E6 (decimal 230)
   defining Unicode char U+00EC (decimal 236)
   defining Unicode char U+00ED (decimal 237)
   defining Unicode char U+00EE (decimal 238)
   defining Unicode char U+00EF (decimal 239)
   defining Unicode char U+00F8 (decimal 248)
   defining Unicode char U+0131 (decimal 305)
   defining Unicode char U+0141 (decimal 321)
   defining Unicode char U+0142 (decimal 322)
   defining Unicode char U+0152 (decimal 338)
   defining Unicode char U+0153 (decimal 339)
   defining Unicode char U+2013 (decimal 8211)
   defining Unicode char U+2014 (decimal 8212)
   defining Unicode char U+2018 (decimal 8216)
   defining Unicode char U+2019 (decimal 8217)
   defining Unicode char U+201C (decimal 8220)
   defining Unicode char U+201D (decimal 8221)
)
Now handling font encoding OMS ...
... processing UTF-8 mapping file for font encoding OMS

(/usr/share/texmf-texlive/tex/latex/base/omsenc.dfu
File: omsenc.dfu 2008/04/05 v1.1m UTF-8 support for inputenc
   defining Unicode char U+00A7 (decimal 167)
   defining Unicode char U+00B6 (decimal 182)
   defining Unicode char U+00B7 (decimal 183)
   defining Unicode char U+2020 (decimal 8224)
   defining Unicode char U+2021 (decimal 8225)
   defining Unicode char U+2022 (decimal 8226)
)
Now handling font encoding OMX ...
... no UTF-8 mapping file for font encoding OMX
Now handling font encoding U ...
... no UTF-8 mapping file for font encoding U
   defining Unicode char U+00A9 (decimal 169)
   defining Unicode char U+00AA (decimal 170)
   defining Unicode char U+00AE (decimal 174)
   defining Unicode char U+00BA (decimal 186)
   defining Unicode char U+02C6 (decimal 710)
   defining Unicode char U+02DC (decimal 732)
   defining Unicode char U+200C (decimal 8204)
   defining Unicode char U+2026 (decimal 8230)
   defining Unicode char U+2122 (decimal 8482)
   defining Unicode char U+2423 (decimal 9251)
))
   defining Unicode char U+00A0 (decimal 160)

(/usr/share/texmf-texlive/tex/latex/base/fontenc.sty
Package: fontenc 2005/09/27 v1.99g Standard LaTeX package

(/usr/share/texmf-texlive/tex/latex/base/t1enc.def
File: t1enc.def 2005/09/27 v1.99g Standard LaTeX file
LaTeX Font Info:    Redeclaring font encoding T1 on input line 43.
))
(/usr/share/texmf-texlive/tex/latex/psnfss/times.sty
Package: times 2005/04/12 PSNFSS-v9.2a (SPQR) 
) (./fncychap.sty
Package: fncychap 2007/07/30 v1.34 LaTeX package (Revised chapters)
\RW=\skip43
\mylen=\skip44
\myhi=\skip45
\px=\skip46
\py=\skip47
\pyy=\skip48
\pxx=\skip49
)
(/usr/share/texmf-texlive/tex/latex/tools/longtable.sty
Package: longtable 2004/02/01 v4.11 Multi-page Table package (DPC)
\LTleft=\skip50
\LTright=\skip51
\LTpre=\skip52
\LTpost=\skip53
\LTchunksize=\count88
\LTcapwidth=\dimen103
\LT@head=\box26
\LT@firsthead=\box27
\LT@foot=\box28
\LT@lastfoot=\box29
\LT@cols=\count89
\LT@rows=\count90
\c@LT@tables=\count91
\c@LT@chunks=\count92
\LT@p@ftn=\toks16
) (./sphinx.sty
Package: sphinx 2010/01/15 LaTeX package (Sphinx markup)

(/usr/share/texmf-texlive/tex/latex/base/textcomp.sty
Package: textcomp 2005/09/27 v1.99g Standard LaTeX package
Package textcomp Info: Sub-encoding information:
(textcomp)               5 = only ISO-Adobe without \textcurrency
(textcomp)               4 = 5 + \texteuro
(textcomp)               3 = 4 + \textohm
(textcomp)               2 = 3 + \textestimated + \textcurrency
(textcomp)               1 = TS1 - \textcircled - \t
(textcomp)               0 = TS1 (full)
(textcomp)             Font families with sub-encoding setting implement
(textcomp)             only a restricted character set as indicated.
(textcomp)             Family '?' is the default used for unknown fonts.
(textcomp)             See the documentation for details.
Package textcomp Info: Setting ? sub-encoding to TS1/1 on input line 71.

(/usr/share/texmf-texlive/tex/latex/base/ts1enc.def
File: ts1enc.def 2001/06/05 v3.0e (jk/car/fm) Standard LaTeX file
Now handling font encoding TS1 ...
... processing UTF-8 mapping file for font encoding TS1

(/usr/share/texmf-texlive/tex/latex/base/ts1enc.dfu
File: ts1enc.dfu 2008/04/05 v1.1m UTF-8 support for inputenc
   defining Unicode char U+00A2 (decimal 162)
   defining Unicode char U+00A3 (decimal 163)
   defining Unicode char U+00A4 (decimal 164)
   defining Unicode char U+00A5 (decimal 165)
   defining Unicode char U+00A6 (decimal 166)
   defining Unicode char U+00A7 (decimal 167)
   defining Unicode char U+00A8 (decimal 168)
   defining Unicode char U+00A9 (decimal 169)
   defining Unicode char U+00AA (decimal 170)
   defining Unicode char U+00AC (decimal 172)
   defining Unicode char U+00AE (decimal 174)
   defining Unicode char U+00AF (decimal 175)
   defining Unicode char U+00B0 (decimal 176)
   defining Unicode char U+00B1 (decimal 177)
   defining Unicode char U+00B2 (decimal 178)
   defining Unicode char U+00B3 (decimal 179)
   defining Unicode char U+00B4 (decimal 180)
   defining Unicode char U+00B5 (decimal 181)
   defining Unicode char U+00B6 (decimal 182)
   defining Unicode char U+00B7 (decimal 183)
   defining Unicode char U+00B9 (decimal 185)
   defining Unicode char U+00BA (decimal 186)
   defining Unicode char U+00BC (decimal 188)
   defining Unicode char U+00BD (decimal 189)
   defining Unicode char U+00BE (decimal 190)
   defining Unicode char U+00D7 (decimal 215)
   defining Unicode char U+00F7 (decimal 247)
   defining Unicode char U+0192 (decimal 402)
   defining Unicode char U+02C7 (decimal 711)
   defining Unicode char U+02D8 (decimal 728)
   defining Unicode char U+02DD (decimal 733)
   defining Unicode char U+0E3F (decimal 3647)
   defining Unicode char U+2016 (decimal 8214)
   defining Unicode char U+2020 (decimal 8224)
   defining Unicode char U+2021 (decimal 8225)
   defining Unicode char U+2022 (decimal 8226)
   defining Unicode char U+2030 (decimal 8240)
   defining Unicode char U+2031 (decimal 8241)
   defining Unicode char U+203B (decimal 8251)
   defining Unicode char U+203D (decimal 8253)
   defining Unicode char U+2044 (decimal 8260)
   defining Unicode char U+204E (decimal 8270)
   defining Unicode char U+2052 (decimal 8274)
   defining Unicode char U+20A1 (decimal 8353)
   defining Unicode char U+20A4 (decimal 8356)
   defining Unicode char U+20A6 (decimal 8358)
   defining Unicode char U+20A9 (decimal 8361)
   defining Unicode char U+20AB (decimal 8363)
   defining Unicode char U+20AC (decimal 8364)
   defining Unicode char U+20B1 (decimal 8369)
   defining Unicode char U+2103 (decimal 8451)
   defining Unicode char U+2116 (decimal 8470)
   defining Unicode char U+2117 (decimal 8471)
   defining Unicode char U+211E (decimal 8478)
   defining Unicode char U+2120 (decimal 8480)
   defining Unicode char U+2122 (decimal 8482)
   defining Unicode char U+2126 (decimal 8486)
   defining Unicode char U+2127 (decimal 8487)
   defining Unicode char U+212E (decimal 8494)
   defining Unicode char U+2190 (decimal 8592)
   defining Unicode char U+2191 (decimal 8593)
   defining Unicode char U+2192 (decimal 8594)
   defining Unicode char U+2193 (decimal 8595)
   defining Unicode char U+2329 (decimal 9001)
   defining Unicode char U+232A (decimal 9002)
   defining Unicode char U+2422 (decimal 9250)
   defining Unicode char U+25E6 (decimal 9702)
   defining Unicode char U+25EF (decimal 9711)
   defining Unicode char U+266A (decimal 9834)
))
LaTeX Info: Redefining \oldstylenums on input line 266.
Package textcomp Info: Setting cmr sub-encoding to TS1/0 on input line 281.
Package textcomp Info: Setting cmss sub-encoding to TS1/0 on input line 282.
Package textcomp Info: Setting cmtt sub-encoding to TS1/0 on input line 283.
Package textcomp Info: Setting cmvtt sub-encoding to TS1/0 on input line 284.
Package textcomp Info: Setting cmbr sub-encoding to TS1/0 on input line 285.
Package textcomp Info: Setting cmtl sub-encoding to TS1/0 on input line 286.
Package textcomp Info: Setting ccr sub-encoding to TS1/0 on input line 287.
Package textcomp Info: Setting ptm sub-encoding to TS1/4 on input line 288.
Package textcomp Info: Setting pcr sub-encoding to TS1/4 on input line 289.
Package textcomp Info: Setting phv sub-encoding to TS1/4 on input line 290.
Package textcomp Info: Setting ppl sub-encoding to TS1/3 on input line 291.
Package textcomp Info: Setting pag sub-encoding to TS1/4 on input line 292.
Package textcomp Info: Setting pbk sub-encoding to TS1/4 on input line 293.
Package textcomp Info: Setting pnc sub-encoding to TS1/4 on input line 294.
Package textcomp Info: Setting pzc sub-encoding to TS1/4 on input line 295.
Package textcomp Info: Setting bch sub-encoding to TS1/4 on input line 296.
Package textcomp Info: Setting put sub-encoding to TS1/5 on input line 297.
Package textcomp Info: Setting uag sub-encoding to TS1/5 on input line 298.
Package textcomp Info: Setting ugq sub-encoding to TS1/5 on input line 299.
Package textcomp Info: Setting ul8 sub-encoding to TS1/4 on input line 300.
Package textcomp Info: Setting ul9 sub-encoding to TS1/4 on input line 301.
Package textcomp Info: Setting augie sub-encoding to TS1/5 on input line 302.
Package textcomp Info: Setting dayrom sub-encoding to TS1/3 on input line 303.
Package textcomp Info: Setting dayroms sub-encoding to TS1/3 on input line 304.

Package textcomp Info: Setting pxr sub-encoding to TS1/0 on input line 305.
Package textcomp Info: Setting pxss sub-encoding to TS1/0 on input line 306.
Package textcomp Info: Setting pxtt sub-encoding to TS1/0 on input line 307.
Package textcomp Info: Setting txr sub-encoding to TS1/0 on input line 308.
Package textcomp Info: Setting txss sub-encoding to TS1/0 on input line 309.
Package textcomp Info: Setting txtt sub-encoding to TS1/0 on input line 310.
Package textcomp Info: Setting futs sub-encoding to TS1/4 on input line 311.
Package textcomp Info: Setting futx sub-encoding to TS1/4 on input line 312.
Package textcomp Info: Setting futj sub-encoding to TS1/4 on input line 313.
Package textcomp Info: Setting hlh sub-encoding to TS1/3 on input line 314.
Package textcomp Info: Setting hls sub-encoding to TS1/3 on input line 315.
Package textcomp Info: Setting hlst sub-encoding to TS1/3 on input line 316.
Package textcomp Info: Setting hlct sub-encoding to TS1/5 on input line 317.
Package textcomp Info: Setting hlx sub-encoding to TS1/5 on input line 318.
Package textcomp Info: Setting hlce sub-encoding to TS1/5 on input line 319.
Package textcomp Info: Setting hlcn sub-encoding to TS1/5 on input line 320.
Package textcomp Info: Setting hlcw sub-encoding to TS1/5 on input line 321.
Package textcomp Info: Setting hlcf sub-encoding to TS1/5 on input line 322.
Package textcomp Info: Setting pplx sub-encoding to TS1/3 on input line 323.
Package textcomp Info: Setting pplj sub-encoding to TS1/3 on input line 324.
Package textcomp Info: Setting ptmx sub-encoding to TS1/4 on input line 325.
Package textcomp Info: Setting ptmj sub-encoding to TS1/4 on input line 326.
)
(/usr/share/texmf-texlive/tex/latex/fancyhdr/fancyhdr.sty
\fancy@headwidth=\skip54
\f@ncyO@elh=\skip55
\f@ncyO@erh=\skip56
\f@ncyO@olh=\skip57
\f@ncyO@orh=\skip58
\f@ncyO@elf=\skip59
\f@ncyO@erf=\skip60
\f@ncyO@olf=\skip61
\f@ncyO@orf=\skip62
)
(/usr/share/texmf-texlive/tex/latex/fancybox/fancybox.sty
Package: fancybox 2000/09/19 1.3

Style option: `fancybox' v1.3 <2000/09/19> (tvz)
\@fancybox=\box30
\shadowsize=\dimen104
\@Sbox=\box31
\do@VerbBox=\toks17
\the@fancyput=\toks18
\this@fancyput=\toks19
\EndVerbatimTokens=\toks20
\Verbatim@Outfile=\write3
\Verbatim@Infile=\read1
) (/usr/share/texmf-texlive/tex/latex/titlesec/titlesec.sty
Package: titlesec 2007/08/12 v2.8 Sectioning titles
\ttl@box=\box32
\beforetitleunit=\skip63
\aftertitleunit=\skip64
\ttl@plus=\dimen105
\ttl@minus=\dimen106
\ttl@toksa=\toks21
\titlewidth=\dimen107
\titlewidthlast=\dimen108
\titlewidthfirst=\dimen109
) (./tabulary.sty
Package: tabulary 2007/10/02 v0.9 tabulary package (DPC)

(/usr/share/texmf-texlive/tex/latex/tools/array.sty
Package: array 2008/09/09 v2.4c Tabular extension package (FMi)
\col@sep=\dimen110
\extrarowheight=\dimen111
\NC@list=\toks22
\extratabsurround=\skip65
\backup@length=\skip66
)
\TY@count=\count93
\TY@linewidth=\dimen112
\tymin=\dimen113
\tymax=\dimen114
\TY@tablewidth=\dimen115
)
(/usr/share/texmf-texlive/tex/latex/amsmath/amsmath.sty
Package: amsmath 2000/07/18 v2.13 AMS math features
\@mathmargin=\skip67

For additional information on amsmath, use the `?' option.
(/usr/share/texmf-texlive/tex/latex/amsmath/amstext.sty
Package: amstext 2000/06/29 v2.01

(/usr/share/texmf-texlive/tex/latex/amsmath/amsgen.sty
File: amsgen.sty 1999/11/30 v2.0
\@emptytoks=\toks23
\ex@=\dimen116
))
(/usr/share/texmf-texlive/tex/latex/amsmath/amsbsy.sty
Package: amsbsy 1999/11/29 v1.2d
\pmbraise@=\dimen117
)
(/usr/share/texmf-texlive/tex/latex/amsmath/amsopn.sty
Package: amsopn 1999/12/14 v2.01 operator names
)
\inf@bad=\count94
LaTeX Info: Redefining \frac on input line 211.
\uproot@=\count95
\leftroot@=\count96
LaTeX Info: Redefining \overline on input line 307.
\classnum@=\count97
\DOTSCASE@=\count98
LaTeX Info: Redefining \ldots on input line 379.
LaTeX Info: Redefining \dots on input line 382.
LaTeX Info: Redefining \cdots on input line 467.
\Mathstrutbox@=\box33
\strutbox@=\box34
\big@size=\dimen118
LaTeX Font Info:    Redeclaring font encoding OML on input line 567.
LaTeX Font Info:    Redeclaring font encoding OMS on input line 568.
\macc@depth=\count99
\c@MaxMatrixCols=\count100
\dotsspace@=\muskip10
\c@parentequation=\count101
\dspbrk@lvl=\count102
\tag@help=\toks24
\row@=\count103
\column@=\count104
\maxfields@=\count105
\andhelp@=\toks25
\eqnshift@=\dimen119
\alignsep@=\dimen120
\tagshift@=\dimen121
\tagwidth@=\dimen122
\totwidth@=\dimen123
\lineht@=\dimen124
\@envbody=\toks26
\multlinegap=\skip68
\multlinetaggap=\skip69
\mathdisplay@stack=\toks27
LaTeX Info: Redefining \[ on input line 2666.
LaTeX Info: Redefining \] on input line 2667.
)
(/usr/share/texmf-texlive/tex/latex/base/makeidx.sty
Package: makeidx 2000/03/29 v1.0m Standard LaTeX package
)
(/usr/share/texmf-texlive/tex/latex/ltxmisc/framed.sty
Package: framed 2007/10/04 v 0.95: framed or shaded text with page breaks
\fb@frw=\dimen125
\fb@frh=\dimen126
\FrameRule=\dimen127
\FrameSep=\dimen128
)
(/usr/share/texmf-texlive/tex/latex/base/ifthen.sty
Package: ifthen 2001/05/26 v1.1c Standard LaTeX ifthen package (DPC)
)
(/usr/share/texmf-texlive/tex/latex/graphics/color.sty
Package: color 2005/11/14 v1.0j Standard LaTeX Color (DPC)

(/etc/texmf/tex/latex/config/color.cfg
File: color.cfg 2007/01/18 v1.5 color configuration of teTeX/TeXLive
)
Package color Info: Driver file: pdftex.def on input line 130.

(/usr/share/texmf-texlive/tex/latex/pdftex-def/pdftex.def
File: pdftex.def 2010/03/12 v0.04p Graphics/color for pdfTeX
\Gread@gobject=\count106
))
(/usr/share/texmf-texlive/tex/latex/fancyvrb/fancyvrb.sty
Package: fancyvrb 2008/02/07

Style option: `fancyvrb' v2.7a, with DG/SPQR fixes, and firstline=lastline fix 
<2008/02/07> (tvz) (/usr/share/texmf-texlive/tex/latex/graphics/keyval.sty
Package: keyval 1999/03/16 v1.13 key=value parser (DPC)
\KV@toks@=\toks28
)
\FV@CodeLineNo=\count107
\FV@InFile=\read2
\FV@TabBox=\box35
\c@FancyVerbLine=\count108
\FV@StepNumber=\count109
\FV@OutFile=\write4
)
(/usr/share/texmf-texlive/tex/latex/ltxmisc/threeparttable.sty
Package: threeparttable 2003/06/13  v 3.0
\@tempboxb=\box36
)
(/usr/share/texmf-texlive/tex/latex/mdwtools/footnote.sty
Package: footnote 1997/01/28 1.13 Save footnotes around boxes
\fn@notes=\box37
\fn@width=\dimen129
)
(/usr/share/texmf-texlive/tex/latex/wrapfig/wrapfig.sty
\wrapoverhang=\dimen130
\WF@size=\dimen131
\c@WF@wrappedlines=\count110
\WF@box=\box38
\WF@everypar=\toks29
Package: wrapfig 2003/01/31  v 3.6
)
(/usr/share/texmf-texlive/tex/latex/ltxmisc/parskip.sty
Package: parskip 2001/04/09 non-zero parskip adjustments
)
(/usr/share/texmf-texlive/tex/latex/graphics/graphicx.sty
Package: graphicx 1999/02/16 v1.0f Enhanced LaTeX Graphics (DPC,SPQR)

(/usr/share/texmf-texlive/tex/latex/graphics/graphics.sty
Package: graphics 2009/02/05 v1.0o Standard LaTeX Graphics (DPC,SPQR)

(/usr/share/texmf-texlive/tex/latex/graphics/trig.sty
Package: trig 1999/03/16 v1.09 sin cos tan (DPC)
)
(/etc/texmf/tex/latex/config/graphics.cfg
File: graphics.cfg 2009/08/28 v1.8 graphics configuration of TeX Live
)
Package graphics Info: Driver file: pdftex.def on input line 91.
)
\Gin@req@height=\dimen132
\Gin@req@width=\dimen133
)
(/usr/share/texmf-texlive/tex/plain/misc/pdfcolor.tex)
\distancetoright=\skip70
\py@argswidth=\skip71
\py@noticelength=\skip72
\lineblockindentation=\skip73
\image@box=\box39
\image@width=\dimen134

(/usr/share/texmf-texlive/tex/latex/hyperref/hyperref.sty
Package: hyperref 2009/10/09 v6.79a Hypertext links for LaTeX

(/usr/share/texmf-texlive/tex/generic/oberdiek/ifpdf.sty
Package: ifpdf 2009/04/10 v2.0 Provides the ifpdf switch (HO)
Package ifpdf Info: pdfTeX in pdf mode detected.
)
(/usr/share/texmf-texlive/tex/generic/oberdiek/ifvtex.sty
Package: ifvtex 2008/11/04 v1.4 Switches for detecting VTeX and its modes (HO)
Package ifvtex Info: VTeX not detected.
)
(/usr/share/texmf-texlive/tex/generic/ifxetex/ifxetex.sty
Package: ifxetex 2009/01/23 v0.5 Provides ifxetex conditional
)
(/usr/share/texmf-texlive/tex/latex/oberdiek/hycolor.sty
Package: hycolor 2009/10/02 v1.5 Code for color options of hyperref/bookmark (H
O)

(/usr/share/texmf-texlive/tex/latex/oberdiek/xcolor-patch.sty
Package: xcolor-patch 2009/10/02 xcolor patch
))
\@linkdim=\dimen135
\Hy@linkcounter=\count111
\Hy@pagecounter=\count112

(/usr/share/texmf-texlive/tex/latex/hyperref/pd1enc.def
File: pd1enc.def 2009/10/09 v6.79a Hyperref: PDFDocEncoding definition (HO)
Now handling font encoding PD1 ...
... no UTF-8 mapping file for font encoding PD1
)
(/usr/share/texmf-texlive/tex/generic/oberdiek/etexcmds.sty
Package: etexcmds 2007/12/12 v1.2 Prefix for e-TeX command names (HO)

(/usr/share/texmf-texlive/tex/generic/oberdiek/infwarerr.sty
Package: infwarerr 2007/09/09 v1.2 Providing info/warning/message (HO)
)
Package etexcmds Info: Could not find \expanded.
(etexcmds)             That can mean that you are not using pdfTeX 1.50 or
(etexcmds)             that some package has redefined \expanded.
(etexcmds)             In the latter case, load this package earlier.
)
(/usr/share/texmf-texlive/tex/latex/latexconfig/hyperref.cfg
File: hyperref.cfg 2002/06/06 v1.2 hyperref configuration of TeXLive
)
(/usr/share/texmf-texlive/tex/latex/oberdiek/kvoptions.sty
Package: kvoptions 2009/08/13 v3.4 Keyval support for LaTeX options (HO)

(/usr/share/texmf-texlive/tex/generic/oberdiek/kvsetkeys.sty
Package: kvsetkeys 2009/07/30 v1.5 Key value parser with default handler suppor
t (HO)
))
Package hyperref Info: Option `colorlinks' set `true' on input line 2864.
Package hyperref Info: Option `breaklinks' set `true' on input line 2864.
Package hyperref Info: Hyper figures OFF on input line 2975.
Package hyperref Info: Link nesting OFF on input line 2980.
Package hyperref Info: Hyper index ON on input line 2983.
Package hyperref Info: Plain pages OFF on input line 2990.
Package hyperref Info: Backreferencing OFF on input line 2995.

Implicit mode ON; LaTeX internals redefined
Package hyperref Info: Bookmarks ON on input line 3191.
(/usr/share/texmf-texlive/tex/latex/ltxmisc/url.sty
\Urlmuskip=\muskip11
Package: url 2006/04/12  ver 3.3  Verb mode for urls, etc.
)
LaTeX Info: Redefining \url on input line 3428.

(/usr/share/texmf-texlive/tex/generic/oberdiek/bitset.sty
Package: bitset 2007/09/28 v1.0 Data type bit set (HO)

(/usr/share/texmf-texlive/tex/generic/oberdiek/intcalc.sty
Package: intcalc 2007/09/27 v1.1 Expandable integer calculations (HO)
)
(/usr/share/texmf-texlive/tex/generic/oberdiek/bigintcalc.sty
Package: bigintcalc 2007/11/11 v1.1 Expandable big integer calculations (HO)

(/usr/share/texmf-texlive/tex/generic/oberdiek/pdftexcmds.sty
Package: pdftexcmds 2009/09/23 v0.6 LuaTeX support for pdfTeX utility functions
 (HO)

(/usr/share/texmf-texlive/tex/generic/oberdiek/ifluatex.sty
Package: ifluatex 2009/04/17 v1.2 Provides the ifluatex switch (HO)
Package ifluatex Info: LuaTeX not detected.
)
(/usr/share/texmf-texlive/tex/generic/oberdiek/ltxcmds.sty
Package: ltxcmds 2009/08/05 v1.0 Some LaTeX kernel commands for general use (HO
)
)
Package pdftexcmds Info: LuaTeX not detected.
Package pdftexcmds Info: \pdf@primitive is available.
Package pdftexcmds Info: \pdf@ifprimitive is available.
)))
\Fld@menulength=\count113
\Field@Width=\dimen136
\Fld@charsize=\dimen137
\Field@toks=\toks30
Package hyperref Info: Hyper figures OFF on input line 4377.
Package hyperref Info: Link nesting OFF on input line 4382.
Package hyperref Info: Hyper index ON on input line 4385.
Package hyperref Info: backreferencing OFF on input line 4392.
Package hyperref Info: Link coloring ON on input line 4395.
Package hyperref Info: Link coloring with OCG OFF on input line 4402.
Package hyperref Info: PDF/A mode OFF on input line 4407.

(/usr/share/texmf-texlive/tex/generic/oberdiek/atbegshi.sty
Package: atbegshi 2008/07/31 v1.9 At begin shipout hook (HO)
)
\Hy@abspage=\count114
\c@Item=\count115
\c@Hfootnote=\count116
)
*hyperref using default driver hpdftex*
(/usr/share/texmf-texlive/tex/latex/hyperref/hpdftex.def
File: hpdftex.def 2009/10/09 v6.79a Hyperref driver for pdfTeX
\Fld@listcount=\count117
)
(/usr/share/texmf-texlive/tex/latex/oberdiek/hypcap.sty
Package: hypcap 2008/09/08 v1.10 Adjusting anchors of captions (HO)
)
\DUlineblockindent=\skip74
)
(/usr/share/texmf-texlive/tex/latex/multirow/multirow.sty
\bigstrutjot=\dimen138
)
(/usr/share/texmf-texlive/tex/latex/amsfonts/amssymb.sty
Package: amssymb 2009/06/22 v3.00

(/usr/share/texmf-texlive/tex/latex/amsfonts/amsfonts.sty
Package: amsfonts 2009/06/22 v3.00 Basic AMSFonts support
\symAMSa=\mathgroup4
\symAMSb=\mathgroup5
LaTeX Font Info:    Overwriting math alphabet `\mathfrak' in version `bold'
(Font)                  U/euf/m/n --> U/euf/b/n on input line 96.
))
(/var/lib/texmf/tex/generic/babel/babel.sty
Package: babel 2008/07/06 v3.8l The Babel package

(/usr/share/texmf-texlive/tex/generic/babel/polish.ldf
Language: polish 2005/03/31 v1.2l Polish support from the babel system

(/usr/share/texmf-texlive/tex/generic/babel/babel.def
File: babel.def 2008/07/06 v3.8l Babel common definitions
\babel@savecnt=\count118
\U@D=\dimen139
)
Package babel Info: Making " an active character on input line 83.
\pl@left=\dimen140
\pl@down=\dimen141
\pl@right=\dimen142
\pl@temp=\dimen143
))
(/usr/share/texmf/tex/latex/tcolorbox/tcolorbox.sty
Package: tcolorbox 2013/09/16 version 2.51 text color boxes

(/usr/share/texmf/tex/latex/pgf/basiclayer/pgf.sty
(/usr/share/texmf/tex/latex/pgf/utilities/pgfrcs.sty
(/usr/share/texmf/tex/generic/pgf/utilities/pgfutil-common.tex
\pgfutil@everybye=\toks31
)
(/usr/share/texmf/tex/generic/pgf/utilities/pgfutil-latex.def
\pgfutil@abb=\box40

(/usr/share/texmf-texlive/tex/latex/ms/everyshi.sty
Package: everyshi 2001/05/15 v3.00 EveryShipout Package (MS)
))
(/usr/share/texmf/tex/generic/pgf/utilities/pgfrcs.code.tex
Package: pgfrcs 2010/10/25 v2.10 (rcs-revision 1.24)
))
Package: pgf 2008/01/15 v2.10 (rcs-revision 1.12)

(/usr/share/texmf/tex/latex/pgf/basiclayer/pgfcore.sty
(/usr/share/texmf/tex/latex/pgf/systemlayer/pgfsys.sty
(/usr/share/texmf/tex/generic/pgf/systemlayer/pgfsys.code.tex
Package: pgfsys 2010/06/30 v2.10 (rcs-revision 1.37)

(/usr/share/texmf/tex/generic/pgf/utilities/pgfkeys.code.tex
\pgfkeys@pathtoks=\toks32
\pgfkeys@temptoks=\toks33

(/usr/share/texmf/tex/generic/pgf/utilities/pgfkeysfiltered.code.tex
\pgfkeys@tmptoks=\toks34
))
\pgf@x=\dimen144
\pgf@y=\dimen145
\pgf@xa=\dimen146
\pgf@ya=\dimen147
\pgf@xb=\dimen148
\pgf@yb=\dimen149
\pgf@xc=\dimen150
\pgf@yc=\dimen151
\w@pgf@writea=\write5
\r@pgf@reada=\read3
\c@pgf@counta=\count119
\c@pgf@countb=\count120
\c@pgf@countc=\count121
\c@pgf@countd=\count122

(/usr/share/texmf/tex/generic/pgf/systemlayer/pgf.cfg
File: pgf.cfg 2008/05/14  (rcs-revision 1.7)
)
Package pgfsys Info: Driver file for pgf: pgfsys-pdftex.def on input line 900.

(/usr/share/texmf/tex/generic/pgf/systemlayer/pgfsys-pdftex.def
File: pgfsys-pdftex.def 2009/05/22  (rcs-revision 1.26)

(/usr/share/texmf/tex/generic/pgf/systemlayer/pgfsys-common-pdf.def
File: pgfsys-common-pdf.def 2008/05/19  (rcs-revision 1.10)
)))
(/usr/share/texmf/tex/generic/pgf/systemlayer/pgfsyssoftpath.code.tex
File: pgfsyssoftpath.code.tex 2008/07/18  (rcs-revision 1.7)
\pgfsyssoftpath@smallbuffer@items=\count123
\pgfsyssoftpath@bigbuffer@items=\count124
)
(/usr/share/texmf/tex/generic/pgf/systemlayer/pgfsysprotocol.code.tex
File: pgfsysprotocol.code.tex 2006/10/16  (rcs-revision 1.4)
))
(/usr/share/texmf/tex/latex/xcolor/xcolor.sty
Package: xcolor 2007/01/21 v2.11 LaTeX color extensions (UK)

(/etc/texmf/tex/latex/config/color.cfg
File: color.cfg 2007/01/18 v1.5 color configuration of teTeX/TeXLive
)
Package xcolor Info: Driver file: pdftex.def on input line 225.
LaTeX Info: Redefining \color on input line 702.
Package xcolor Info: Model `cmy' substituted by `cmy0' on input line 1337.
Package xcolor Info: Model `hsb' substituted by `rgb' on input line 1341.
Package xcolor Info: Model `RGB' extended on input line 1353.
Package xcolor Info: Model `HTML' substituted by `rgb' on input line 1355.
Package xcolor Info: Model `Hsb' substituted by `hsb' on input line 1356.
Package xcolor Info: Model `tHsb' substituted by `hsb' on input line 1357.
Package xcolor Info: Model `HSB' substituted by `hsb' on input line 1358.
Package xcolor Info: Model `Gray' substituted by `gray' on input line 1359.
Package xcolor Info: Model `wave' substituted by `hsb' on input line 1360.
)
(/usr/share/texmf/tex/generic/pgf/basiclayer/pgfcore.code.tex
Package: pgfcore 2010/04/11 v2.10 (rcs-revision 1.7)

(/usr/share/texmf/tex/generic/pgf/math/pgfmath.code.tex
(/usr/share/texmf/tex/generic/pgf/math/pgfmathcalc.code.tex
(/usr/share/texmf/tex/generic/pgf/math/pgfmathutil.code.tex)
(/usr/share/texmf/tex/generic/pgf/math/pgfmathparser.code.tex
\pgfmath@dimen=\dimen152
\pgfmath@count=\count125
\pgfmath@box=\box41
\pgfmath@toks=\toks35
\pgfmath@stack@operand=\toks36
\pgfmath@stack@operation=\toks37
)
(/usr/share/texmf/tex/generic/pgf/math/pgfmathfunctions.code.tex
(/usr/share/texmf/tex/generic/pgf/math/pgfmathfunctions.basic.code.tex)
(/usr/share/texmf/tex/generic/pgf/math/pgfmathfunctions.trigonometric.code.tex)
(/usr/share/texmf/tex/generic/pgf/math/pgfmathfunctions.random.code.tex)
(/usr/share/texmf/tex/generic/pgf/math/pgfmathfunctions.comparison.code.tex)
(/usr/share/texmf/tex/generic/pgf/math/pgfmathfunctions.base.code.tex)
(/usr/share/texmf/tex/generic/pgf/math/pgfmathfunctions.round.code.tex)
(/usr/share/texmf/tex/generic/pgf/math/pgfmathfunctions.misc.code.tex)))
(/usr/share/texmf/tex/generic/pgf/math/pgfmathfloat.code.tex
\c@pgfmathroundto@lastzeros=\count126
))
(/usr/share/texmf/tex/generic/pgf/basiclayer/pgfcorepoints.code.tex
File: pgfcorepoints.code.tex 2010/04/09  (rcs-revision 1.20)
\pgf@picminx=\dimen153
\pgf@picmaxx=\dimen154
\pgf@picminy=\dimen155
\pgf@picmaxy=\dimen156
\pgf@pathminx=\dimen157
\pgf@pathmaxx=\dimen158
\pgf@pathminy=\dimen159
\pgf@pathmaxy=\dimen160
\pgf@xx=\dimen161
\pgf@xy=\dimen162
\pgf@yx=\dimen163
\pgf@yy=\dimen164
\pgf@zx=\dimen165
\pgf@zy=\dimen166
)
(/usr/share/texmf/tex/generic/pgf/basiclayer/pgfcorepathconstruct.code.tex
File: pgfcorepathconstruct.code.tex 2010/08/03  (rcs-revision 1.24)
\pgf@path@lastx=\dimen167
\pgf@path@lasty=\dimen168
)
(/usr/share/texmf/tex/generic/pgf/basiclayer/pgfcorepathusage.code.tex
File: pgfcorepathusage.code.tex 2008/04/22  (rcs-revision 1.12)
\pgf@shorten@end@additional=\dimen169
\pgf@shorten@start@additional=\dimen170
)
(/usr/share/texmf/tex/generic/pgf/basiclayer/pgfcorescopes.code.tex
File: pgfcorescopes.code.tex 2010/09/08  (rcs-revision 1.34)
\pgfpic=\box42
\pgf@hbox=\box43
\pgf@layerbox@main=\box44
\pgf@picture@serial@count=\count127
)
(/usr/share/texmf/tex/generic/pgf/basiclayer/pgfcoregraphicstate.code.tex
File: pgfcoregraphicstate.code.tex 2008/04/22  (rcs-revision 1.9)
\pgflinewidth=\dimen171
)
(/usr/share/texmf/tex/generic/pgf/basiclayer/pgfcoretransformations.code.tex
File: pgfcoretransformations.code.tex 2009/06/10  (rcs-revision 1.11)
\pgf@pt@x=\dimen172
\pgf@pt@y=\dimen173
\pgf@pt@temp=\dimen174
)
(/usr/share/texmf/tex/generic/pgf/basiclayer/pgfcorequick.code.tex
File: pgfcorequick.code.tex 2008/10/09  (rcs-revision 1.3)
)
(/usr/share/texmf/tex/generic/pgf/basiclayer/pgfcoreobjects.code.tex
File: pgfcoreobjects.code.tex 2006/10/11  (rcs-revision 1.2)
)
(/usr/share/texmf/tex/generic/pgf/basiclayer/pgfcorepathprocessing.code.tex
File: pgfcorepathprocessing.code.tex 2008/10/09  (rcs-revision 1.8)
)
(/usr/share/texmf/tex/generic/pgf/basiclayer/pgfcorearrows.code.tex
File: pgfcorearrows.code.tex 2008/04/23  (rcs-revision 1.11)
)
(/usr/share/texmf/tex/generic/pgf/basiclayer/pgfcoreshade.code.tex
File: pgfcoreshade.code.tex 2008/11/23  (rcs-revision 1.13)
\pgf@max=\dimen175
\pgf@sys@shading@range@num=\count128
)
(/usr/share/texmf/tex/generic/pgf/basiclayer/pgfcoreimage.code.tex
File: pgfcoreimage.code.tex 2010/03/25  (rcs-revision 1.16)

(/usr/share/texmf/tex/generic/pgf/basiclayer/pgfcoreexternal.code.tex
File: pgfcoreexternal.code.tex 2010/09/01  (rcs-revision 1.17)
\pgfexternal@startupbox=\box45
))
(/usr/share/texmf/tex/generic/pgf/basiclayer/pgfcorelayers.code.tex
File: pgfcorelayers.code.tex 2010/08/27  (rcs-revision 1.2)
)
(/usr/share/texmf/tex/generic/pgf/basiclayer/pgfcoretransparency.code.tex
File: pgfcoretransparency.code.tex 2008/01/17  (rcs-revision 1.2)
)
(/usr/share/texmf/tex/generic/pgf/basiclayer/pgfcorepatterns.code.tex
File: pgfcorepatterns.code.tex 2009/07/02  (rcs-revision 1.3)
)))
(/usr/share/texmf/tex/generic/pgf/modules/pgfmoduleshapes.code.tex
File: pgfmoduleshapes.code.tex 2010/09/09  (rcs-revision 1.13)
\pgfnodeparttextbox=\box46
)
(/usr/share/texmf/tex/generic/pgf/modules/pgfmoduleplot.code.tex
File: pgfmoduleplot.code.tex 2010/10/22  (rcs-revision 1.8)
)
(/usr/share/texmf/tex/latex/pgf/compatibility/pgfcomp-version-0-65.sty
Package: pgfcomp-version-0-65 2007/07/03 v2.10 (rcs-revision 1.7)
\pgf@nodesepstart=\dimen176
\pgf@nodesepend=\dimen177
)
(/usr/share/texmf/tex/latex/pgf/compatibility/pgfcomp-version-1-18.sty
Package: pgfcomp-version-1-18 2007/07/23 v2.10 (rcs-revision 1.1)
))
(/usr/share/texmf-texlive/tex/latex/tools/verbatim.sty
Package: verbatim 2003/08/22 v1.5q LaTeX2e package for verbatim enhancements
\every@verbatim=\toks38
\verbatim@line=\toks39
\verbatim@in@stream=\read4
)
(/usr/share/texmf-texlive/tex/latex/environ/environ.sty
Package: environ 2008/06/18 v0.2 A new way to define environments
)

LaTeX Warning: You have requested, on input line 26, version
               `2013/04/01' of package environ,
               but only version
               `2008/06/18 v0.2 A new way to define environments'
               is available.

(/usr/share/texmf-texlive/tex/latex/etoolbox/etoolbox.sty
Package: etoolbox 2009/08/06 v1.8 e-TeX tools for LaTeX

(/usr/share/texmf-texlive/tex/latex/etex-pkg/etex.sty
Package: etex 1998/03/26 v2.0 eTeX basic definition package (PEB)
\et@xins=\count129
))

LaTeX Warning: You have requested, on input line 27, version
               `2011/01/03' of package etoolbox,
               but only version
               `2009/08/06 v1.8 e-TeX tools for LaTeX'
               is available.

\tcb@titlebox=\box47
\tcb@upperbox=\box48
\tcb@lowerbox=\box49
\tcb@phantombox=\box50
\c@tcbbreakpart=\count130
\c@tcblayer=\count131
\tcb@temp=\box51
\tcb@temp=\box52
\tcb@temp=\box53
\tcb@temp=\box54
\tcb@out=\write6
)
\@indexfile=\write7
\openout7 = `StochDyn_v0.2.idx'.


Writing index file StochDyn_v0.2.idx
(./StochDyn_v0.2.aux)
\openout1 = `StochDyn_v0.2.aux'.

LaTeX Font Info:    Checking defaults for OML/cmm/m/it on input line 123.
LaTeX Font Info:    ... okay on input line 123.
LaTeX Font Info:    Checking defaults for T1/cmr/m/n on input line 123.
LaTeX Font Info:    ... okay on input line 123.
LaTeX Font Info:    Checking defaults for OT1/cmr/m/n on input line 123.
LaTeX Font Info:    ... okay on input line 123.
LaTeX Font Info:    Checking defaults for OMS/cmsy/m/n on input line 123.
LaTeX Font Info:    ... okay on input line 123.
LaTeX Font Info:    Checking defaults for OMX/cmex/m/n on input line 123.
LaTeX Font Info:    ... okay on input line 123.
LaTeX Font Info:    Checking defaults for U/cmr/m/n on input line 123.
LaTeX Font Info:    ... okay on input line 123.
LaTeX Font Info:    Checking defaults for TS1/cmr/m/n on input line 123.
LaTeX Font Info:    Try loading font information for TS1+cmr on input line 123.

 (/usr/share/texmf-texlive/tex/latex/base/ts1cmr.fd
File: ts1cmr.fd 1999/05/25 v2.5h Standard LaTeX font definitions
)
LaTeX Font Info:    ... okay on input line 123.
LaTeX Font Info:    Checking defaults for PD1/pdf/m/n on input line 123.
LaTeX Font Info:    ... okay on input line 123.
LaTeX Font Info:    Try loading font information for T1+ptm on input line 123.

(/usr/share/texmf-texlive/tex/latex/psnfss/t1ptm.fd
File: t1ptm.fd 2001/06/04 font definitions for T1/ptm.
)
(/usr/share/texmf-texlive/tex/context/base/supp-pdf.mkii
[Loading MPS to PDF converter (version 2006.09.02).]
\scratchcounter=\count132
\scratchdimen=\dimen178
\scratchbox=\box55
\nofMPsegments=\count133
\nofMParguments=\count134
\everyMPshowfont=\toks40
\MPscratchCnt=\count135
\MPscratchDim=\dimen179
\MPnumerator=\count136
\everyMPtoPDFconversion=\toks41
)
Package hyperref Info: Link coloring ON on input line 123.
 (/usr/share/texmf-texlive/tex/latex/hyperref/nameref.sty
Package: nameref 2007/05/29 v2.31 Cross-referencing by name of section

(/usr/share/texmf-texlive/tex/latex/oberdiek/refcount.sty
Package: refcount 2008/08/11 v3.1 Data extraction from references (HO)
)
\c@section@level=\count137
)
LaTeX Info: Redefining \ref on input line 123.
LaTeX Info: Redefining \pageref on input line 123.

(./StochDyn_v0.2.out) (./StochDyn_v0.2.out)
\@outlinefile=\write8
\openout8 = `StochDyn_v0.2.out'.

\AtBeginShipoutBox=\box56

ABD: EveryShipout initializing macros
Underfull \hbox (badness 10000) in paragraph at lines 126--126

 []

LaTeX Font Info:    Try loading font information for T1+phv on input line 126.
(/usr/share/texmf-texlive/tex/latex/psnfss/t1phv.fd
File: t1phv.fd 2001/06/04 scalable font definitions for T1/phv.
)
LaTeX Font Info:    Font shape `T1/phv/bx/n' in size <24.88> not available
(Font)              Font shape `T1/phv/b/n' tried instead on input line 126.
LaTeX Font Info:    Font shape `T1/phv/m/it' in size <20.74> not available
(Font)              Font shape `T1/phv/m/sl' tried instead on input line 126.
LaTeX Font Info:    Font shape `T1/phv/bx/it' in size <20.74> not available
(Font)              Font shape `T1/phv/b/it' tried instead on input line 126.
LaTeX Font Info:    Font shape `T1/phv/b/it' in size <20.74> not available
(Font)              Font shape `T1/phv/b/sl' tried instead on input line 126.
LaTeX Font Info:    Font shape `T1/phv/bx/n' in size <20.74> not available
(Font)              Font shape `T1/phv/b/n' tried instead on input line 126.
LaTeX Font Info:    Try loading font information for U+msa on input line 126.

(/usr/share/texmf-texlive/tex/latex/amsfonts/umsa.fd
File: umsa.fd 2009/06/22 v3.00 AMS symbols A
)
LaTeX Font Info:    Try loading font information for U+msb on input line 126.

(/usr/share/texmf-texlive/tex/latex/amsfonts/umsb.fd
File: umsb.fd 2009/06/22 v3.00 AMS symbols B
) [1

{/var/lib/texmf/fonts/map/pdftex/updmap/pdftex.map}] [2

] (./StochDyn_v0.2.toc
LaTeX Font Info:    Font shape `T1/ptm/bx/n' in size <12> not available
(Font)              Font shape `T1/ptm/b/n' tried instead on input line 2.


Package xcolor Warning: Incompatible color definition on input line 2.


Package xcolor Warning: Incompatible color definition on input line 3.


Package xcolor Warning: Incompatible color definition on input line 5.


Package xcolor Warning: Incompatible color definition on input line 6.


Package xcolor Warning: Incompatible color definition on input line 14.


Package xcolor Warning: Incompatible color definition on input line 27.


Package xcolor Warning: Incompatible color definition on input line 33.


Package xcolor Warning: Incompatible color definition on input line 42.


Package xcolor Warning: Incompatible color definition on input line 47.


Package xcolor Warning: Incompatible color definition on input line 48.


Package xcolor Warning: Incompatible color definition on input line 49.

)
\tf@toc=\write9
\openout9 = `StochDyn_v0.2.toc'.


Adding blank page after the table of contents.
LaTeX Font Info:    Font shape `T1/phv/bx/n' in size <12> not available
(Font)              Font shape `T1/phv/b/n' tried instead on input line 126.
pdfTeX warning (ext4): destination with the same identifier (name{page.i}) has 
been already used, duplicate ignored
<to be read again> 
                   \relax 
l.126 \tableofcontents
                       [1

]pdfTeX warning (ext4): destination with the same identifier (name{page.ii}) ha
s been already used, duplicate ignored
<to be read again> 
                   \relax 
l.126 \tableofcontents
                       [2]
LaTeX Font Info:    Try loading font information for T1+pcr on input line 138.
 (/usr/share/texmf-texlive/tex/latex/psnfss/t1pcr.fd
File: t1pcr.fd 2001/06/04 font definitions for T1/pcr.
)

Package Fancyhdr Warning: \headheight is too small (12.0pt): 
 Make it at least 14.49998pt.
 We now make it that large for the rest of the document.
 This may cause the page layout to be inconsistent, however.

[1

] [2

]
Rozdzia\l  1.
LaTeX Font Info:    Font shape `T1/phv/bx/n' in size <17.28> not available
(Font)              Font shape `T1/phv/b/n' tried instead on input line 143.

Package xcolor Warning: Incompatible color definition on input line 146.


Package xcolor Warning: Incompatible color definition on input line 146.

[3]

Package xcolor Warning: Incompatible color definition on input line 184.

[4]

Package xcolor Warning: Incompatible color definition on input line 240.


Package xcolor Warning: Incompatible color definition on input line 240.


Package xcolor Warning: Incompatible color definition on input line 241.


Package xcolor Warning: Incompatible color definition on input line 241.


Package xcolor Warning: Incompatible color definition on input line 242.

[5]
LaTeX Font Info:    Font shape `T1/phv/bx/n' in size <14.4> not available
(Font)              Font shape `T1/phv/b/n' tried instead on input line 249.


Package xcolor Warning: Incompatible color definition on input line 249.


Package xcolor Warning: Incompatible color definition on input line 249.


LaTeX Warning: Command \. invalid in math mode on input line 255.

Missing character: There is no » in font cmr12!
[6]
Overfull \hbox (117.03212pt too wide) in paragraph at lines 308--308
[]\T1/pcr/m/n/10 sol=desolve_odeint( vector([x*exp(-0.1*x),  y*exp(-0.2*y),  z*
exp(-0.3*z)]), [5,5,5],U,[x,y,z])[] 
 []


Package xcolor Warning: Incompatible color definition on input line 317.


Package xcolor Warning: Incompatible color definition on input line 317.

[7]

Package xcolor Warning: Incompatible color definition on input line 346.


Package xcolor Warning: Incompatible color definition on input line 346.

[8]

Package xcolor Warning: Incompatible color definition on input line 351.


Package xcolor Warning: Incompatible color definition on input line 351.


Overfull \hbox (57.03212pt too wide) in paragraph at lines 370--370
[]\T1/pcr/m/n/10 show(p1+p2+p3, figsize=[6,3], axes_labels=[r'$t$',r'$x(t)$'], 
axes=False, frame=True)[] 
 []


Package xcolor Warning: Incompatible color definition on input line 375.


Package xcolor Warning: Incompatible color definition on input line 375.


Overfull \hbox (135.03212pt too wide) in paragraph at lines 390--390
[]\T1/pcr/m/n/10 g  = plot(-4.0/(1 +12*t), (t,0,0.5), detect_poles='show', lege
nd_label=r'$x(0)=-4$', color='blue')[] 
 []


Overfull \hbox (117.03212pt too wide) in paragraph at lines 392--392
[]\T1/pcr/m/n/10 g += plot(1.0/(1-3*t), (t,0,1/3), detect_poles='show', legend_
label=r'$x(0)=1$', color='green')[] 
 []


Overfull \hbox (93.03212pt too wide) in paragraph at lines 393--393
[]\T1/pcr/m/n/10 g.show(axes_labels=[r'$t$',r'$x$'], ymin=-4, ymax=8, figsize=[
6,3], axes=False, frame=True)[] 
 []

[9]

Package xcolor Warning: Incompatible color definition on input line 400.


Package xcolor Warning: Incompatible color definition on input line 400.

[10]

Package xcolor Warning: Incompatible color definition on input line 457.


Package xcolor Warning: Incompatible color definition on input line 457.


Package xcolor Warning: Incompatible color definition on input line 462.


Overfull \hbox (57.03212pt too wide) in paragraph at lines 485--485
[]\T1/pcr/m/n/10 show(p1+p2+p3, figsize=[6,3], axes_labels=[r'$t$',r'$x(t)$'], 
axes=False, frame=True)[] 
 []


Package xcolor Warning: Incompatible color definition on input line 490.

[11]
Overfull \hbox (129.03212pt too wide) in paragraph at lines 521--521
[]\T1/pcr/m/n/10 w = plot(rozw2(x_0=x0), (t,0,1), detect_poles='show', legend_l
abel=r'$x(0)=%d$'%x0, color='blue')[] 
 []


Overfull \hbox (3.03212pt too wide) in paragraph at lines 523--523
[]\T1/pcr/m/n/10 w += plot(rozw2(x_0=x0), (t,0,1), legend_label=r'$x(0)=%d$'%x0
, color='red')[] 
 []


Overfull \hbox (27.03212pt too wide) in paragraph at lines 525--525
[]\T1/pcr/m/n/10 w += plot(rozw2(x_0=x0), (t,0,1/3), legend_label=r'$x(0)=%d$'%
x0, color='green')[] 
 []


Overfull \hbox (357.03212pt too wide) in paragraph at lines 526--526
[]\T1/pcr/m/n/10 w.show(axes_labels=[r'$t$',r'$x$'], tick_formatter='latex', xm
in=0, xmax=0.5, ymin=-4.1, ymax=8, figsize=(6,3), axes=False, frame=True)[] 
 []


Package xcolor Warning: Incompatible color definition on input line 531.

[12]

Package xcolor Warning: Incompatible color definition on input line 570.


Package xcolor Warning: Incompatible color definition on input line 570.

[13]

Package xcolor Warning: Incompatible color definition on input line 591.


Package xcolor Warning: Incompatible color definition on input line 591.


Package xcolor Warning: Incompatible color definition on input line 596.


Overfull \hbox (3.03212pt too wide) in paragraph at lines 612--612
[]\T1/pcr/m/n/10 p1=plot(g(t,1),(t,0,2),figsize=(6, 3), legend_label="x(0)=1", 
color='blue' )[] 
 []


Overfull \hbox (21.03212pt too wide) in paragraph at lines 614--614
[]\T1/pcr/m/n/10 p3=plot(g(t,-1),(t,0,2),figsize=(6, 3), legend_label="x(0)=-1"
, color='green' )[] 
 []


Package xcolor Warning: Incompatible color definition on input line 620.

[14]
Overfull \hbox (81.03212pt too wide) in paragraph at lines 636--636
[]\T1/pcr/m/n/10 g=plot(-4.0/(1 +12*t),t,0,5,detect_poles='show',legend_label=r
'$x(0)= -4$', color='blue')[] 
 []


Overfull \hbox (81.03212pt too wide) in paragraph at lines 638--638
[]\T1/pcr/m/n/10 g+=plot(1.0/(1-3*t),t,0,0.33,detect_poles='show', legend_label
=r'$x(0)=1$',color='green')[] 
 []


Overfull \hbox (327.03212pt too wide) in paragraph at lines 639--639
[]\T1/pcr/m/n/10 g.show(axes_labels=[r'$t$',r'$x$'],tick_formatter='latex',xmin
=0,xmax=0.5,ymin=-4.1,ymax=8, figsize=(7,4), frame=True, axes=False)[] 
 []


Package xcolor Warning: Incompatible color definition on input line 646.

[15]

Package xcolor Warning: Incompatible color definition on input line 710.


Package xcolor Warning: Incompatible color definition on input line 710.


Package xcolor Warning: Incompatible color definition on input line 712.

[16]

LaTeX Warning: Reference `ch1/chI021-eqn24' on page 17 undefined on input line 
716.

[17]

Package xcolor Warning: Incompatible color definition on input line 776.

LaTeX Font Info:    Font shape `T1/phv/bx/n' in size <10.95> not available
(Font)              Font shape `T1/phv/b/n' tried instead on input line 779.

Package xcolor Warning: Incompatible color definition on input line 779.

[18] [19] [20]
Overfull \hbox (1119.03212pt too wide) in paragraph at lines 920--920
[]\T1/pcr/m/n/10 def _(title=['a','b'], h=selector(['0.005','0.01','0.05','0.1'
,'0.5','1'], default='0.1', buttons=True),x0=input_box(2,label=r'$x_0$', width=
10), y0=input_box(4,label=r'$y_0$', width=10), T=input_box(0, width=10), omega=
input_box(1,label=r'$\omega$', width=10)):[] 
 []


Overfull \hbox (219.03212pt too wide) in paragraph at lines 925--925
[] \T1/pcr/m/n/10 background = desolve_odeint(vector([y,-omega^2*x]), [x0, y0],
 srange(0,T+0.1,0.1,include_endpoint=True), [x,y])[] 
 []


Overfull \hbox (105.03212pt too wide) in paragraph at lines 931--931
[] \T1/pcr/m/n/10 print '\nDla T=0 lista generowana jest automatycznie dla jedn
ego okresu wªasnego oscylatora'[] 
 []


Overfull \hbox (21.03212pt too wide) in paragraph at lines 934--934
[]\T1/pcr/m/n/10 def _(krok=slider(1, len(oscylator_nietlumiony), 1, default=1,
 label=r'krok')):[] 
 []


Overfull \hbox (3.03212pt too wide) in paragraph at lines 937--937
[] \T1/pcr/m/n/10 minx, maxx, miny, maxy = min(buf[0]), max(buf[0]), min(buf[1]
), max(buf[1])[] 
 []


Overfull \hbox (309.03212pt too wide) in paragraph at lines 939--939
[] \T1/pcr/m/n/10 kroki_plot = list_plot(kroki, figsize=(4,4), axes_labels=[r'$
x$',r'$y$'], size=30, xmin=minx, xmax=maxx, ymin=miny, ymax=maxy)[] 
 []


Overfull \hbox (129.03212pt too wide) in paragraph at lines 941--941
[] \T1/pcr/m/n/10 txt_plot = text(r'$[x_0,y_0]$',kroki[0],vertical_alignment='b
ottom',horizontal_alignment='left')[] 
 []


Overfull \hbox (231.03212pt too wide) in paragraph at lines 943--943
[]     \T1/pcr/m/n/10 txt_plot += text(r'$[x_{%d},y_{%d}]$'%(i,i),kroki[i],vert
ical_alignment='bottom',horizontal_alignment='left')[] 
 []


Overfull \hbox (165.03212pt too wide) in paragraph at lines 945--945
[] \T1/pcr/m/n/10 full_plot = list_plot(oscylator_nietlumiony, plotjoined=1, fi
gsize=(4,4), axes_labels=[r'$x$',r'$y$'])[] 
 []


Overfull \hbox (45.03212pt too wide) in paragraph at lines 946--946
[] \T1/pcr/m/n/10 full_plot += list_plot(background.tolist(), plotjoined=1, col
or='grey', alpha=0.5)[] 
 []


Overfull \hbox (171.03212pt too wide) in paragraph at lines 947--947
[] \T1/pcr/m/n/10 html.table([["krzywe fazowe dla oscylatora bez tarcia",""],[f
ull_plot+kroki_plot,kroki_plot+txt_plot]])[] 
 []

[21]
Overfull \hbox (9.03212pt too wide) in paragraph at lines 976--976
[]\T1/pcr/m/n/10 @interact(layout={'top':[['omega','ggamma','x0','y0']],'bottom
':[['T','h']]})[] 
 []


Overfull \hbox (1377.03212pt too wide) in paragraph at lines 977--977
[]\T1/pcr/m/n/10 def _(title=['a','b'], h=selector(['0.05','0.01','0.1','0.5','
1'], default='0.1', buttons=True),x0=input_box(2,label=r'$x_0$', width=10), y0=
input_box(4,label=r'$y_0$', width=10), T=input_box(0, width=10), omega=input_bo
x(1,label=r'$\omega$', width=10), ggamma=input_box(0.5,label=r'$\gamma$', width
=10)):[] 
 []


Overfull \hbox (333.03212pt too wide) in paragraph at lines 984--984
[] \T1/pcr/m/n/10 background2 = desolve_odeint(vector([y,-omega^2*x-ggamma*y]),
 [x0, y0], srange(0,2*pi/omega+0.1,0.1,include_endpoint=True), [x,y])[] 
 []


Overfull \hbox (27.03212pt too wide) in paragraph at lines 985--985
[] \T1/pcr/m/n/10 oscylator_tlumiony = schemat_eulera2D([y,-omega^2*x-ggamma*y]
, [x0, y0], listT)[] 
 []


Overfull \hbox (105.03212pt too wide) in paragraph at lines 990--990
[] \T1/pcr/m/n/10 print '\nDla T=0 lista generowana jest automatycznie dla jedn
ego okresu wªasnego oscylatora'[] 
 []


Overfull \hbox (3.03212pt too wide) in paragraph at lines 993--993
[]\T1/pcr/m/n/10 def _(krok=slider(1, len(oscylator_tlumiony), 1, default=1, la
bel=r'krok')):[] 
 []


Overfull \hbox (3.03212pt too wide) in paragraph at lines 995--995
[] \T1/pcr/m/n/10 minx, maxx, miny, maxy = min(buf[0]), max(buf[0]), min(buf[1]
), max(buf[1])[] 
 []

[22]
Overfull \hbox (309.03212pt too wide) in paragraph at lines 997--997
[] \T1/pcr/m/n/10 kroki_plot = list_plot(kroki, figsize=(4,4), axes_labels=[r'$
x$',r'$y$'], size=30, xmin=minx, xmax=maxx, ymin=miny, ymax=maxy)[] 
 []


Overfull \hbox (129.03212pt too wide) in paragraph at lines 998--998
[] \T1/pcr/m/n/10 txt_plot = text(r'$[x_0,y_0]$',kroki[0],vertical_alignment='b
ottom',horizontal_alignment='left')[] 
 []


Overfull \hbox (231.03212pt too wide) in paragraph at lines 1000--1000
[]     \T1/pcr/m/n/10 txt_plot += text(r'$[x_{%d},y_{%d}]$'%(i,i),kroki[i],vert
ical_alignment='bottom',horizontal_alignment='left')[] 
 []


Overfull \hbox (147.03212pt too wide) in paragraph at lines 1001--1001
[] \T1/pcr/m/n/10 full_plot = list_plot(oscylator_tlumiony, plotjoined=1, figsi
ze=(4,4), axes_labels=[r'$x$',r'$y$'])[] 
 []


Overfull \hbox (51.03212pt too wide) in paragraph at lines 1002--1002
[] \T1/pcr/m/n/10 full_plot += list_plot(background2.tolist(), plotjoined=1, co
lor='grey', alpha=0.5)[] 
 []


Overfull \hbox (171.03212pt too wide) in paragraph at lines 1003--1003
[] \T1/pcr/m/n/10 html.table([["krzywe fazowe dla oscylatora tªumionego",""],[f
ull_plot+kroki_plot,kroki_plot+txt_plot]])[] 
 []


Package xcolor Warning: Incompatible color definition on input line 1008.


Package xcolor Warning: Incompatible color definition on input line 1008.


Overfull \hbox (9.03212pt too wide) in paragraph at lines 1039--1039
[]\T1/pcr/m/n/10 @interact(layout={'top':[['omega','ggamma','x0','y0']],'bottom
':[['T','h']]})[] 
 []


Overfull \hbox (1383.03212pt too wide) in paragraph at lines 1040--1040
[]\T1/pcr/m/n/10 def _(title=['a','b'], h=selector(['0.05','0.01','0.1','0.5','
1'], default='0.1', buttons=True),x0=input_box(2,label=r'$x_0$', width=10), y0=
input_box(4,label=r'$y_0$', width=10), T=input_box(20, width=10), omega=input_b
ox(1,label=r'$\omega$', width=10), ggamma=input_box(0.5,label=r'$\gamma$', widt
h=10)):[] 
 []


Overfull \hbox (105.03212pt too wide) in paragraph at lines 1045--1045
[] \T1/pcr/m/n/10 oscylator_tlumiony = desolve_odeint(vector([y,-omega^2*x-ggam
ma*y]), [x0, y0], listT, [x,y])[] 
 []

[23]
Overfull \hbox (3.03212pt too wide) in paragraph at lines 1053--1053
[]\T1/pcr/m/n/10 def _(krok=slider(1, len(oscylator_tlumiony), 1, default=1, la
bel=r'krok')):[] 
 []


Overfull \hbox (351.03212pt too wide) in paragraph at lines 1055--1055
[] \T1/pcr/m/n/10 kroki_plot = list_plot(kroki.tolist(), figsize=(4,4), axes_la
bels=[r'$x$',r'$y$'], size=30, xmin=-4.5, xmax=4.5, ymin=-4.5, ymax=4.5)[] 
 []


Overfull \hbox (297.03212pt too wide) in paragraph at lines 1056--1056
[] \T1/pcr/m/n/10 pole_wektorowe = arrow(kroki[0],vf(kroki[0],globomega^2,globg
gamma),color='red',xmax=vf(kroki[0],globomega^2,globggamma)[0])[] 
 []


Overfull \hbox (75.03212pt too wide) in paragraph at lines 1058--1058
[]     \T1/pcr/m/n/10 pole_wektorowe += arrow(krok,vf(krok,globomega^2,globggam
ma),color='red', width=.4)[] 
 []


Overfull \hbox (129.03212pt too wide) in paragraph at lines 1059--1059
[] \T1/pcr/m/n/10 txt_plot = text(r'$[x_0,y_0]$',kroki[0],vertical_alignment='b
ottom',horizontal_alignment='left')[] 
 []


Overfull \hbox (231.03212pt too wide) in paragraph at lines 1061--1061
[]     \T1/pcr/m/n/10 txt_plot += text(r'$[x_{%d},y_{%d}]$'%(i,i),kroki[i],vert
ical_alignment='bottom',horizontal_alignment='left')[] 
 []


Overfull \hbox (273.03212pt too wide) in paragraph at lines 1062--1062
[] \T1/pcr/m/n/10 shadowplot = list_plot(oscylator_tlumiony.tolist(), plotjoine
d=1, figsize=(4,4), axes_labels=[r'$x$',r'$y$'], alpha=0.2)[] 
 []


Overfull \hbox (891.03212pt too wide) in paragraph at lines 1063--1063
[] \T1/pcr/m/n/10 full_plot = list_plot(oscylator_tlumiony.tolist(), plotjoined
=1, figsize=(4,4), axes_labels=[r'$x$',r'$y$']) + plot_vector_field([y,-globome
ga^2*x-globggamma*y], (x, -4.5, 4.5), (y, -4.5, 4.5), plot_points=20, color='li
me')[] 
 []


Overfull \hbox (327.03212pt too wide) in paragraph at lines 1064--1064
[] \T1/pcr/m/n/10 html.table([["krzywe fazowe dla oscylatora tªumionego",""],[f
ull_plot+kroki_plot,shadowplot+kroki_plot+txt_plot+pole_wektorowe]])[] 
 []

[24]
Overfull \hbox (183.03212pt too wide) in paragraph at lines 1107--1107
[]\T1/pcr/m/n/10 przestrzen_fazowa = list_plot(numeryka.tolist(), plotjoined=1,
 figsize=(4,4), axes_labels=[r'$x$',r'$y$'])[] 
 []


Overfull \hbox (549.03212pt too wide) in paragraph at lines 1108--1108
[]\T1/pcr/m/n/10 pole_wektorowe = plot_vector_field([dx,dy], (x, numeryka[:,0].
min(), numeryka[:,0].max()), (y, numeryka[:,1].min(), numeryka[:,1].max()), plo
t_points=10, color='lime')[] 
 []


Package xcolor Warning: Incompatible color definition on input line 1114.


Package xcolor Warning: Incompatible color definition on input line 1114.


Package xcolor Warning: Incompatible color definition on input line 1117.


Package xcolor Warning: Incompatible color definition on input line 1117.

[25]
Overfull \hbox (405.03212pt too wide) in paragraph at lines 1164--1164
[]\T1/pcr/m/n/10 def _(title=['elipsa'], E=input_box(2,label=r'$E$', width=10),
 k=input_box(0.2,label=r'$k$', width=10), m=input_box(1,label=r'$m$', width=10)
):[] 
 []

[26]
Overfull \hbox (165.03212pt too wide) in paragraph at lines 1213--1213
[]\T1/pcr/m/n/10 p0 += text(r"  punkt startowy",ball,vertical_alignment='bottom
',horizontal_alignment='left',fontsize=8)[] 
 []


Overfull \hbox (201.03212pt too wide) in paragraph at lines 1218--1218
[]\T1/pcr/m/n/10 p0 += text("ekstremum_",ball,vertical_alignment='bottom',horiz
ontal_alignment='right',color='red',fontsize=8)[] 
 []


Overfull \hbox (195.03212pt too wide) in paragraph at lines 1222--1222
[]\T1/pcr/m/n/10 p0 += text("_ekstremum",ball,vertical_alignment='bottom',horiz
ontal_alignment='left',color='red',fontsize=8)[] 
 []

[27]

Package xcolor Warning: Incompatible color definition on input line 1245.


Package xcolor Warning: Incompatible color definition on input line 1245.


Overfull \hbox (39.92679pt too wide) in paragraph at lines 1274--1274
[] 
 []


Overfull \hbox (14.79999pt too wide) in paragraph at lines 1281--1281
 [] 
 []

[28]

Package xcolor Warning: Incompatible color definition on input line 1290.


Package xcolor Warning: Incompatible color definition on input line 1290.

[29]
Overfull \hbox (42.09123pt too wide) in paragraph at lines 1319--1319
[] 
 []


Overfull \hbox (171.03212pt too wide) in paragraph at lines 1350--1350
[]     \T1/pcr/m/n/10 J[i,j] = var("d%sd%s"%(v,u),latex_name=r'\displaystyle\fr
ac{\partial %s_t}{\partial %s_0}'%(lv,lu))[] 
 []


Overfull \hbox (123.03212pt too wide) in paragraph at lines 1351--1351
[]     \T1/pcr/m/n/10 var("dF%sd%s"%(v,u),latex_name=r'\displaystyle\frac{\part
ial F_%s}{\partial %s_t}'%(lv,lu))[] 
 []

[30]
Overfull \hbox (213.03212pt too wide) in paragraph at lines 1364--1364
[]     \T1/pcr/m/n/10 to_rhs[vars()["d%sd%sd"%(v,u)]] = sum([vars()["dF%sd%s"%(
v,w)]*vars()["d%sd%s"%(w,u)] for w,wl in xy_wsp])[] 
 []


Overfull \hbox (645.03212pt too wide) in paragraph at lines 1367--1367
[]\T1/pcr/m/n/10 print "Wszystkie pochodne cz¡stkowe s¡ reprezentowane przez ni
ezale»ne zmienne, aby policzyc pochodn¡ wyznacznika, zamieniamy je podstawiaj¡c
 sªownik zamieniaj¡cy zmienne na funkcje:"[] 
 []


Overfull \hbox (15.03212pt too wide) in paragraph at lines 1369--1369
[]\T1/pcr/m/n/10 print "Liczymy wyznaczniki pochodn¡, oraz wracamy do zmiennych
 symbolicznych:"[] 
 []


Package xcolor Warning: Incompatible color definition on input line 1386.


Overfull \hbox (76.93434pt too wide) in paragraph at lines 1389--1389
[] 
 []


Package xcolor Warning: Incompatible color definition on input line 1390.

[31]

Package xcolor Warning: Incompatible color definition on input line 1413.


Package xcolor Warning: Incompatible color definition on input line 1420.


Package xcolor Warning: Incompatible color definition on input line 1428.


Package xcolor Warning: Incompatible color definition on input line 1435.


Package xcolor Warning: Incompatible color definition on input line 1448.


Package xcolor Warning: Incompatible color definition on input line 1448.

[32]

Package xcolor Warning: Incompatible color definition on input line 1458.


Package xcolor Warning: Incompatible color definition on input line 1479.


Package xcolor Warning: Incompatible color definition on input line 1479.


Package xcolor Warning: Incompatible color definition on input line 1482.

[33]

Package xcolor Warning: Incompatible color definition on input line 1522.


Package xcolor Warning: Incompatible color definition on input line 1522.


Overfull \hbox (38.22333pt too wide) in paragraph at lines 1535--1535
[] 
 []

[34]

Package xcolor Warning: Incompatible color definition on input line 1563.


Package xcolor Warning: Incompatible color definition on input line 1563.

[35]
Overfull \hbox (14.79999pt too wide) in paragraph at lines 1624--1624
 [] 
 []

[36]
Overfull \hbox (111.03212pt too wide) in paragraph at lines 1637--1637
[]\T1/pcr/m/n/10 sol5=desolve_odeint( vector([f11, f12, f13, 0, 0,f15]), [4,0.2
,-0.2,2,-2,-4],T0,[x,y,z,Z,Y,u])[] 
 []


Package xcolor Warning: Incompatible color definition on input line 1672.


Package xcolor Warning: Incompatible color definition on input line 1672.

[37]
Overfull \hbox (44.408pt too wide) in paragraph at lines 1689--1689
[] 
 []


Overfull \hbox (43.87453pt too wide) in paragraph at lines 1691--1691
[] 
 []


Overfull \hbox (104.28793pt too wide) in paragraph at lines 1727--1727
[] 
 []

[38]

Package xcolor Warning: Incompatible color definition on input line 1763.

[39]

Package xcolor Warning: Incompatible color definition on input line 1788.


Package xcolor Warning: Incompatible color definition on input line 1788.

[40]

Package xcolor Warning: Incompatible color definition on input line 1821.

[41] [42]

Package xcolor Warning: Incompatible color definition on input line 1939.


Package xcolor Warning: Incompatible color definition on input line 1939.


LaTeX Warning: Command \l invalid in math mode on input line 1941.


LaTeX Warning: Command \. invalid in math mode on input line 1941.


LaTeX Warning: Command \k invalid in math mode on input line 1941.


LaTeX Warning: Command \' invalid in math mode on input line 1941.


LaTeX Warning: Command \' invalid in math mode on input line 1941.

Missing character: There is no ª in font cmr12!
Missing character: There is no » in font cmr12!
Missing character: There is no ¦ in font cmr12!
Missing character: There is no ± in font cmr12!
Missing character: There is no ¢ in font cmr12!
[43]

Package xcolor Warning: Incompatible color definition on input line 1957.


Package xcolor Warning: Incompatible color definition on input line 1957.


Overfull \hbox (75.03212pt too wide) in paragraph at lines 1965--1965
[]\T1/pcr/m/n/10 sol1=desolve_odeint(vector([y,-x -0.2*y]), [0,1], T, [x,y])##w
arunek pocz¡tkowy x=2, y=4[] 
 []


Overfull \hbox (111.03212pt too wide) in paragraph at lines 1966--1966
[]\T1/pcr/m/n/10 sol2=desolve_odeint(vector([y,-x -0.2*y]), [0,0.85], T, [x,y])
##warunek pocz¡tkowy x=-1, y=0.5[] 
 []


Overfull \hbox (99.03212pt too wide) in paragraph at lines 1967--1967
[]\T1/pcr/m/n/10 sol3=desolve_odeint(vector([y,-x -0.2*y]), [0,0.7], T, [x,y])#
#warunek pocz¡tkowy x=0, y=0.9[] 
 []


Overfull \hbox (51.03212pt too wide) in paragraph at lines 1969--1969
[]\T1/pcr/m/n/10 g1=list_plot(sol1.tolist(), plotjoined=1, figsize=(6,3),axes_l
abels=[r'$x$',r'$y$'])[] 
 []


Overfull \hbox (141.03212pt too wide) in paragraph at lines 1970--1970
[]\T1/pcr/m/n/10 g1 +=list_plot(sol2.tolist(), plotjoined=1, figsize=(6,3),colo
r="red", axes_labels=[r'$x$',r'$y$'])[] 
 []


Overfull \hbox (153.03212pt too wide) in paragraph at lines 1971--1971
[]\T1/pcr/m/n/10 g1 +=list_plot(sol3.tolist(), plotjoined=1, figsize=(6,3),colo
r="green", axes_labels=[r'$x$',r'$y$'])[] 
 []


Package xcolor Warning: Incompatible color definition on input line 1978.


Package xcolor Warning: Incompatible color definition on input line 1978.

[44]

Package xcolor Warning: Incompatible color definition on input line 1982.


Overfull \hbox (129.03212pt too wide) in paragraph at lines 1988--1988
[]\T1/pcr/m/n/10 so1=desolve_odeint(vector([y,2*x-1.2*x^3 -0.2*y]), [0,1], T1, 
[x,y])##warunek pocz¡tkowy x=2, y=4[] 
 []


Overfull \hbox (147.03212pt too wide) in paragraph at lines 1989--1989
[]\T1/pcr/m/n/10 so2=desolve_odeint(vector([y,2*x-1.2*x^3 -0.2*y]), [0,2], T1, 
[x,y])##warunek pocz¡tkowy x=-1, y=0.5[] 
 []


Overfull \hbox (135.03212pt too wide) in paragraph at lines 1990--1990
[]\T1/pcr/m/n/10 so3=desolve_odeint(vector([y,2*x-1.2*x^3-0.2*y]), [0,3], T1, [
x,y])##warunek pocz¡tkowy x=0, y=0.9[] 
 []


Overfull \hbox (135.03212pt too wide) in paragraph at lines 1991--1991
[]\T1/pcr/m/n/10 so4=desolve_odeint(vector([y,2*x-1.2*x^3-0.2*y]), [0,4], T1, [
x,y])##warunek pocz¡tkowy x=0, y=0.9[] 
 []


Overfull \hbox (51.03212pt too wide) in paragraph at lines 1993--1993
[]\T1/pcr/m/n/10 g11=list_plot(so1.tolist(), plotjoined=1, figsize=(6,3),axes_l
abels=[r'$x$',r'$y$'])[] 
 []


Overfull \hbox (141.03212pt too wide) in paragraph at lines 1994--1994
[]\T1/pcr/m/n/10 g11 +=list_plot(so2.tolist(), plotjoined=1, figsize=(6,3),colo
r="red", axes_labels=[r'$x$',r'$y$'])[] 
 []


Overfull \hbox (153.03212pt too wide) in paragraph at lines 1995--1995
[]\T1/pcr/m/n/10 g11 +=list_plot(so3.tolist(), plotjoined=1, figsize=(6,3),colo
r="green", axes_labels=[r'$x$',r'$y$'])[] 
 []


Overfull \hbox (153.03212pt too wide) in paragraph at lines 1996--1996
[]\T1/pcr/m/n/10 g11 +=list_plot(so4.tolist(), plotjoined=1, figsize=(6,3),colo
r="black", axes_labels=[r'$x$',r'$y$'])[] 
 []


Overfull \hbox (27.03212pt too wide) in paragraph at lines 1997--1997
[]\T1/pcr/m/n/10 html.table([["potencjaª bistabilny","oscylator nieliniowy tªum
iony"],[p11,g11]])[] 
 []


Overfull \hbox (141.03212pt too wide) in paragraph at lines 1998--1998
[]\T1/pcr/m/n/10 html("<p align='center'> rozwi¡zania d¡»¡ albo do punktu $(-x_
s,0)$ albo to punktu $(x_s,0)$ </p>")[] 
 []


Package xcolor Warning: Incompatible color definition on input line 2003.


Package xcolor Warning: Incompatible color definition on input line 2003.


Overfull \hbox (75.03212pt too wide) in paragraph at lines 2013--2013
[]\T1/pcr/m/n/10 s1=desolve_odeint(vector([de1, de2]), [0.5,0.5], T3, [x,y])##w
arunek pocz¡tkowy x=2, y=4[] 
 []


Overfull \hbox (93.03212pt too wide) in paragraph at lines 2014--2014
[]\T1/pcr/m/n/10 s2=desolve_odeint(vector([de1, de2]), [0.01, 0.01], T3, [x,y])
##warunek pocz¡tkowy x=2, y=4[] 
 []


Overfull \hbox (111.03212pt too wide) in paragraph at lines 2015--2015
[]\T1/pcr/m/n/10 h1=list_plot(s1.tolist(), plotjoined=1, figsize=(6,3),color="r
ed",axes_labels=[r'$x$',r'$y$'])[] 
 []


Overfull \hbox (39.03212pt too wide) in paragraph at lines 2016--2016
[]\T1/pcr/m/n/10 h2=list_plot(s2.tolist(), plotjoined=1, figsize=(6,3),axes_lab
els=[r'$x$',r'$y$'])[] 
 []

[45]

Package xcolor Warning: Incompatible color definition on input line 2052.


Package xcolor Warning: Incompatible color definition on input line 2052.


Overfull \hbox (3.03212pt too wide) in paragraph at lines 2066--2066
[]\T1/pcr/m/n/10 atraktor_lorenza = desolve_odeint(vector([F1,F2,F3]), [0,0.5,1
], T, [x,y,z])[] 
 []


Overfull \hbox (87.03212pt too wide) in paragraph at lines 2067--2067
[]\T1/pcr/m/n/10 p2d = list_plot(zip(atraktor_lorenza[:,0],atraktor_lorenza[:,1
]), plotjoined=1, figsize=4)[] 
 []


Overfull \hbox (57.03212pt too wide) in paragraph at lines 2068--2068
[]\T1/pcr/m/n/10 p3d = list_plot(atraktor_lorenza.tolist(), plotjoined=1, viewe
r='tachyon', figsize=4)[] 
 []

[46]
Rozdzia\l  2.

Package xcolor Warning: Incompatible color definition on input line 2080.


Package xcolor Warning: Incompatible color definition on input line 2080.

[47

]

Package xcolor Warning: Incompatible color definition on input line 2091.


Package xcolor Warning: Incompatible color definition on input line 2091.

[48] <pendulum.png, id=780, 161.403pt x 138.919pt>
File: pendulum.png Graphic file (type png)
 <use pendulum.png>
File: pendulum.png Graphic file (type png)

<use pendulum.png>
Overfull \hbox (165.03212pt too wide) in paragraph at lines 2134--2134
[]\T1/pcr/m/n/10 p = plot(0.25*x^4 - 0.5*x^2, (x,-1.6,1.6), figsize=(6,4), axes
_labels=[r'$x$',r'$V(x)$'], color="blue")[] 
 []


Package xcolor Warning: Incompatible color definition on input line 2142.


Package xcolor Warning: Incompatible color definition on input line 2142.

[49 <./pendulum.png>]

Package xcolor Warning: Incompatible color definition on input line 2171.


Package xcolor Warning: Incompatible color definition on input line 2171.

[50]
Overfull \hbox (255.03212pt too wide) in paragraph at lines 2222--2222
[]\T1/pcr/m/n/10 p0 = point(start_point,size=30) + text(r"$  x_0$",start_point,
vertical_alignment='bottom',horizontal_alignment='left')[] 
 []


Package xcolor Warning: Incompatible color definition on input line 2232.


Package xcolor Warning: Incompatible color definition on input line 2232.

[51] <baseny_tarcie.jpg, id=824, 255.5pt x 255.5pt>
File: baseny_tarcie.jpg Graphic file (type jpg)
 <use baseny_tarcie.jpg>
File: baseny_tarcie.jpg Graphic file (type jpg)

<use baseny_tarcie.jpg> [52 <./baseny_tarcie.jpg>]
Overfull \hbox (123.03212pt too wide) in paragraph at lines 2287--2287
[]\T1/pcr/m/n/10 lt  = plot(V, (x, -max([abs(x01),abs(x02)]),max([abs(x01),abs(
x02)])), color='black', figsize=4)[] 
 []


Overfull \hbox (33.03212pt too wide) in paragraph at lines 2288--2288
[]\T1/pcr/m/n/10 lt += point((x01,V(x=x01)), color='green', size=50, axes_label
s=['$x$','$V(x)$'])[] 
 []


Overfull \hbox (99.03212pt too wide) in paragraph at lines 2290--2290
[]\T1/pcr/m/n/10 lb  = list_plot(num1.tolist(), plotjoined=1, color='green', ax
es_labels=['$x(t)$','$v(t)$'])[] 
 []


Overfull \hbox (153.03212pt too wide) in paragraph at lines 2292--2292
[]\T1/pcr/m/n/10 rt  = list_plot(zip(T,num1[:,0].tolist()), plotjoined=1, color
='green', axes_labels=['$t$','$x(t)$'])[] 
 []


Overfull \hbox (27.03212pt too wide) in paragraph at lines 2293--2293
[]\T1/pcr/m/n/10 rt += list_plot(zip(T,num2[:,0].tolist()), plotjoined=1, color
='red', figsize=4)[] 
 []


Overfull \hbox (153.03212pt too wide) in paragraph at lines 2294--2294
[]\T1/pcr/m/n/10 rb  = list_plot(zip(T,num1[:,1].tolist()), plotjoined=1, color
='green', axes_labels=['$t$','$v(t)$'])[] 
 []


Overfull \hbox (27.03212pt too wide) in paragraph at lines 2295--2295
[]\T1/pcr/m/n/10 rb += list_plot(zip(T,num2[:,1].tolist()), plotjoined=1, color
='red', figsize=4)[] 
 []

[53]
Overfull \hbox (123.03212pt too wide) in paragraph at lines 2331--2331
[]\T1/pcr/m/n/10 lt  = plot(V, (x, -max([abs(x01),abs(x02)]),max([abs(x01),abs(
x02)])),color='black',  figsize=4)[] 
 []


Overfull \hbox (27.03212pt too wide) in paragraph at lines 2332--2332
[]\T1/pcr/m/n/10 lt += point((x01,V(x=x01)), color='blue', size=50, axes_labels
=['$x$','$V(x)$'])[] 
 []


Overfull \hbox (93.03212pt too wide) in paragraph at lines 2334--2334
[]\T1/pcr/m/n/10 lb  = list_plot(num1.tolist(), plotjoined=1, color='blue', axe
s_labels=['$x(t)$','$v(t)$'])[] 
 []


Overfull \hbox (147.03212pt too wide) in paragraph at lines 2336--2336
[]\T1/pcr/m/n/10 rt  = list_plot(zip(T,num1[:,0].tolist()), plotjoined=1, color
='blue', axes_labels=['$t$','$x(t)$'])[] 
 []


Overfull \hbox (27.03212pt too wide) in paragraph at lines 2337--2337
[]\T1/pcr/m/n/10 rt += list_plot(zip(T,num2[:,0].tolist()), plotjoined=1, color
='red', figsize=4)[] 
 []


Overfull \hbox (147.03212pt too wide) in paragraph at lines 2338--2338
[]\T1/pcr/m/n/10 rb  = list_plot(zip(T,num1[:,1].tolist()), plotjoined=1, color
='blue', axes_labels=['$t$','$v(t)$'])[] 
 []


Overfull \hbox (27.03212pt too wide) in paragraph at lines 2339--2339
[]\T1/pcr/m/n/10 rb += list_plot(zip(T,num2[:,1].tolist()), plotjoined=1, color
='red', figsize=4)[] 
 []


Package xcolor Warning: Incompatible color definition on input line 2357.


Package xcolor Warning: Incompatible color definition on input line 2357.

[54]
Overfull \hbox (39.03212pt too wide) in paragraph at lines 2383--2383
[]\T1/pcr/m/n/10 sol=desolve_odeint( vector([y,x-x^3-0.26*y+0.3*cos(z), 1]), [0
.1,0.1,0],T,[x,y,z])[] 
 []


Overfull \hbox (75.03212pt too wide) in paragraph at lines 2384--2384
[]\T1/pcr/m/n/10 t = line(zip(T,sol[:,0]), figsize=(12,4), axes_labels=["$t$","
$x(t)$"], frame=1, axes=0)[] 
 []


Overfull \hbox (135.03212pt too wide) in paragraph at lines 2385--2385
[]\T1/pcr/m/n/10 b = line(zip(sol[:,0],sol[:,1]), figsize=(12,4), axes_labels=[
"$x(t)$","$v(t)$"], frame=1, axes=0)[] 
 []


Package xcolor Warning: Incompatible color definition on input line 2391.


Package xcolor Warning: Incompatible color definition on input line 2391.

[55]
Overfull \hbox (9.03212pt too wide) in paragraph at lines 2429--2429
[]\T1/pcr/m/n/10 lt += point((x0,V(x=x0)), color=kolor, size=50, axes_labels=['
$x$','$V(x)$'])[] 
 []


Overfull \hbox (207.03212pt too wide) in paragraph at lines 2430--2430
[]\T1/pcr/m/n/10 lb  = list_plot(zip(num[:,0],num[:,1]), plotjoined=1, color=ko
lor, axes_labels=['$x(t)$','$v(t)$'], figsize=4)[] 
 []


Overfull \hbox (201.03212pt too wide) in paragraph at lines 2431--2431
[]\T1/pcr/m/n/10 rt  = list_plot(zip(T,num[:,0].tolist()), plotjoined=1, color=
kolor, axes_labels=['$t$','$x(t)$'], figsize=4)[] 
 []


Overfull \hbox (201.03212pt too wide) in paragraph at lines 2432--2432
[]\T1/pcr/m/n/10 rb  = list_plot(zip(T,num[:,1].tolist()), plotjoined=1, color=
kolor, axes_labels=['$t$','$v(t)$'], figsize=4)[] 
 []

[56]
Overfull \hbox (249.03212pt too wide) in paragraph at lines 2480--2480
[]\T1/pcr/m/n/10 lt = list_plot(zip(trans1[:,0],trans1[:,1]), plotjoined=1, col
or='green', axes_labels=['$x(t)$','$v(t)$'], figsize=4)[] 
 []


Overfull \hbox (267.03212pt too wide) in paragraph at lines 2482--2482
[]\T1/pcr/m/n/10 rt = list_plot(zip(T[:lnum],trans1[:,0].tolist()), plotjoined=
1, color='green', axes_labels=['$t$','$x(t)$'], figsize=4)[] 
 []


Overfull \hbox (15.03212pt too wide) in paragraph at lines 2483--2483
[]\T1/pcr/m/n/10 rt += list_plot(zip(T[:lnum],trans2[:,0].tolist()), plotjoined
=1, color='red')[] 
 []


Overfull \hbox (249.03212pt too wide) in paragraph at lines 2484--2484
[]\T1/pcr/m/n/10 lb = list_plot(zip(asymp1[:,0],asymp1[:,1]), plotjoined=1, col
or='green', axes_labels=['$x(t)$','$v(t)$'], figsize=4)[] 
 []


Overfull \hbox (273.03212pt too wide) in paragraph at lines 2486--2486
[]\T1/pcr/m/n/10 rb = list_plot(zip(T[-lnum:],asymp1[:,0].tolist()), plotjoined
=1, color='green', axes_labels=['$t$','$x(t)$'], figsize=4)[] 
 []


Overfull \hbox (21.03212pt too wide) in paragraph at lines 2487--2487
[]\T1/pcr/m/n/10 rb += list_plot(zip(T[-lnum:],asymp2[:,0].tolist()), plotjoine
d=1, color='red')[] 
 []


Overfull \hbox (9.03212pt too wide) in paragraph at lines 2494--2494
[]\T1/pcr/m/n/10 <span style="color:green;">$(x_{01},y_{01},z_{01}) = (%.2f,%.2
f,%.2f)$</span>[] 
 []


Package xcolor Warning: Incompatible color definition on input line 2506.


Package xcolor Warning: Incompatible color definition on input line 2506.

[57]
Overfull \hbox (9.03212pt too wide) in paragraph at lines 2542--2542
[]\T1/pcr/m/n/10 lt += point((x0,V(x=x0)), color=kolor, size=50, axes_labels=['
$x$','$V(x)$'])[] 
 []


Overfull \hbox (207.03212pt too wide) in paragraph at lines 2543--2543
[]\T1/pcr/m/n/10 lb  = list_plot(zip(num[:,0],num[:,1]), plotjoined=1, color=ko
lor, axes_labels=['$x(t)$','$v(t)$'], figsize=4)[] 
 []


Overfull \hbox (201.03212pt too wide) in paragraph at lines 2544--2544
[]\T1/pcr/m/n/10 rt  = list_plot(zip(T,num[:,0].tolist()), plotjoined=1, color=
kolor, axes_labels=['$t$','$x(t)$'], figsize=4)[] 
 []


Overfull \hbox (201.03212pt too wide) in paragraph at lines 2545--2545
[]\T1/pcr/m/n/10 rb  = list_plot(zip(T,num[:,1].tolist()), plotjoined=1, color=
kolor, axes_labels=['$t$','$v(t)$'], figsize=4)[] 
 []

[58]
Overfull \hbox (249.03212pt too wide) in paragraph at lines 2593--2593
[]\T1/pcr/m/n/10 lt = list_plot(zip(trans1[:,0],trans1[:,1]), plotjoined=1, col
or='green', axes_labels=['$x(t)$','$v(t)$'], figsize=4)[] 
 []


Overfull \hbox (267.03212pt too wide) in paragraph at lines 2595--2595
[]\T1/pcr/m/n/10 rt = list_plot(zip(T[:lnum],trans1[:,0].tolist()), plotjoined=
1, color='green', axes_labels=['$t$','$x(t)$'], figsize=4)[] 
 []


Overfull \hbox (15.03212pt too wide) in paragraph at lines 2596--2596
[]\T1/pcr/m/n/10 rt += list_plot(zip(T[:lnum],trans2[:,0].tolist()), plotjoined
=1, color='red')[] 
 []


Overfull \hbox (249.03212pt too wide) in paragraph at lines 2597--2597
[]\T1/pcr/m/n/10 lb = list_plot(zip(asymp1[:,0],asymp1[:,1]), plotjoined=1, col
or='green', axes_labels=['$x(t)$','$v(t)$'], figsize=4)[] 
 []


Overfull \hbox (273.03212pt too wide) in paragraph at lines 2599--2599
[]\T1/pcr/m/n/10 rb = list_plot(zip(T[-lnum:],asymp1[:,0].tolist()), plotjoined
=1, color='green', axes_labels=['$t$','$x(t)$'], figsize=4)[] 
 []


Overfull \hbox (21.03212pt too wide) in paragraph at lines 2600--2600
[]\T1/pcr/m/n/10 rb += list_plot(zip(T[-lnum:],asymp2[:,0].tolist()), plotjoine
d=1, color='red')[] 
 []


Overfull \hbox (9.03212pt too wide) in paragraph at lines 2607--2607
[]\T1/pcr/m/n/10 <span style="color:green;">$(x_{01},y_{01},z_{01}) = (%.2f,%.2
f,%.2f)$</span>[] 
 []


Package xcolor Warning: Incompatible color definition on input line 2619.


Package xcolor Warning: Incompatible color definition on input line 2619.

[59]
Overfull \hbox (9.03212pt too wide) in paragraph at lines 2655--2655
[]\T1/pcr/m/n/10 lt += point((x0,V(x=x0)), color=kolor, size=50, axes_labels=['
$x$','$V(x)$'])[] 
 []


Overfull \hbox (207.03212pt too wide) in paragraph at lines 2656--2656
[]\T1/pcr/m/n/10 lb  = list_plot(zip(num[:,0],num[:,1]), plotjoined=1, color=ko
lor, axes_labels=['$x(t)$','$v(t)$'], figsize=4)[] 
 []


Overfull \hbox (201.03212pt too wide) in paragraph at lines 2657--2657
[]\T1/pcr/m/n/10 rt  = list_plot(zip(T,num[:,0].tolist()), plotjoined=1, color=
kolor, axes_labels=['$t$','$x(t)$'], figsize=4)[] 
 []


Overfull \hbox (201.03212pt too wide) in paragraph at lines 2658--2658
[]\T1/pcr/m/n/10 rb  = list_plot(zip(T,num[:,1].tolist()), plotjoined=1, color=
kolor, axes_labels=['$t$','$v(t)$'], figsize=4)[] 
 []

[60]
Overfull \hbox (249.03212pt too wide) in paragraph at lines 2705--2705
[]\T1/pcr/m/n/10 lt = list_plot(zip(trans1[:,0],trans1[:,1]), plotjoined=1, col
or='green', axes_labels=['$x(t)$','$v(t)$'], figsize=4)[] 
 []


Overfull \hbox (267.03212pt too wide) in paragraph at lines 2707--2707
[]\T1/pcr/m/n/10 rt = list_plot(zip(T[:lnum],trans1[:,0].tolist()), plotjoined=
1, color='green', axes_labels=['$t$','$x(t)$'], figsize=4)[] 
 []


Overfull \hbox (15.03212pt too wide) in paragraph at lines 2708--2708
[]\T1/pcr/m/n/10 rt += list_plot(zip(T[:lnum],trans2[:,0].tolist()), plotjoined
=1, color='red')[] 
 []


Overfull \hbox (249.03212pt too wide) in paragraph at lines 2709--2709
[]\T1/pcr/m/n/10 lb = list_plot(zip(asymp1[:,0],asymp1[:,1]), plotjoined=1, col
or='green', axes_labels=['$x(t)$','$v(t)$'], figsize=4)[] 
 []


Overfull \hbox (273.03212pt too wide) in paragraph at lines 2711--2711
[]\T1/pcr/m/n/10 rb = list_plot(zip(T[-lnum:],asymp1[:,0].tolist()), plotjoined
=1, color='green', axes_labels=['$t$','$x(t)$'], figsize=4)[] 
 []


Overfull \hbox (21.03212pt too wide) in paragraph at lines 2712--2712
[]\T1/pcr/m/n/10 rb += list_plot(zip(T[-lnum:],asymp2[:,0].tolist()), plotjoine
d=1, color='red')[] 
 []


Overfull \hbox (9.03212pt too wide) in paragraph at lines 2719--2719
[]\T1/pcr/m/n/10 <span style="color:green;">$(x_{01},y_{01},z_{01}) = (%.2f,%.2
f,%.2f)$</span>[] 
 []

<chaos_traj.png, id=883, 233.673pt x 115.632pt>
File: chaos_traj.png Graphic file (type png)
 <use chaos_traj.png>
File: chaos_traj.png Graphic file (type png)

<use chaos_traj.png> [61 <./chaos_traj.png>]
Overfull \hbox (14.79999pt too wide) in paragraph at lines 2787--2787
 [] 
 []

(./StochDyn_v0.2.ind) [62] (./StochDyn_v0.2.aux)

LaTeX Warning: There were undefined references.

 ) 
Here is how much of TeX's memory you used:
 16819 strings out of 493848
 273253 string characters out of 1152823
 372702 words of memory out of 3000000
 19079 multiletter control sequences out of 15000+50000
 65860 words of font info for 84 fonts, out of 3000000 for 9000
 715 hyphenation exceptions out of 8191
 55i,20n,57p,2992b,476s stack positions out of 5000i,500n,10000p,200000b,50000s
{/usr/share/texmf-texlive/fonts/enc/dvips/base/8r.enc}</usr/share/texmf-texli
ve/fonts/type1/public/amsfonts/cm/cmex10.pfb></usr/share/texmf-texlive/fonts/ty
pe1/public/amsfonts/cm/cmmi12.pfb></usr/share/texmf-texlive/fonts/type1/public/
amsfonts/cm/cmmi6.pfb></usr/share/texmf-texlive/fonts/type1/public/amsfonts/cm/
cmmi8.pfb></usr/share/texmf-texlive/fonts/type1/public/amsfonts/cm/cmr12.pfb></
usr/share/texmf-texlive/fonts/type1/public/amsfonts/cm/cmr6.pfb></usr/share/tex
mf-texlive/fonts/type1/public/amsfonts/cm/cmr8.pfb></usr/share/texmf-texlive/fo
nts/type1/public/amsfonts/cm/cmsy10.pfb></usr/share/texmf-texlive/fonts/type1/p
ublic/amsfonts/cm/cmsy8.pfb></usr/share/texmf-texlive/fonts/type1/urw/courier/u
crr8a.pfb></usr/share/texmf-texlive/fonts/type1/urw/helvetic/uhvb8a.pfb></usr/s
hare/texmf-texlive/fonts/type1/urw/helvetic/uhvbo8a.pfb></usr/share/texmf-texli
ve/fonts/type1/urw/times/utmb8a.pfb></usr/share/texmf-texlive/fonts/type1/urw/t
imes/utmr8a.pfb></usr/share/texmf-texlive/fonts/type1/urw/times/utmri8a.pfb>
Output written on StochDyn_v0.2.pdf (66 pages, 559694 bytes).
PDF statistics:
 1083 PDF objects out of 1200 (max. 8388607)
 614 named destinations out of 1000 (max. 500000)
 116 words of extra memory for PDF output out of 10000 (max. 10000000)

